[ 2017-07-19T23:12:20+08:00 ] 127.0.0.1 /
NOTIC: [8192] preg_replace(): The /e modifier is deprecated, use preg_replace_callback instead E:\phpproject\ipyue\ThinkPHP\Common\common.php ç¬¬ 217 è¡Œ.
INFO: [ app_begin ] --START--
INFO: ReadHtmlCache Behavior ::run [ RunTime:0.045002s ]
INFO: [ app_begin ] --END-- [ RunTime:0.049003s ]
INFO: [ action_begin ] --START--
INFO: CronRun Behavior ::run [ RunTime:0.025001s ]
INFO: [ action_begin ] --END-- [ RunTime:0.025001s ]
NOTIC: [8192] mysql_connect(): The mysql extension is deprecated and will be removed in the future: use mysqli or PDO instead E:\phpproject\ipyue\ThinkPHP\Lib\Driver\Db\DbMysql.class.php ç¬¬ 55 è¡Œ.
NOTIC: [2] mysql_connect(): ï¿½ï¿½ï¿½ï¿½Ä¿ï¿½ï¿½ï¿½ï¿½ï¿½ï¿½ï¿½ï¿½ï¿½ï¿½Ü¾ï¿½ï¿½ï¿½ï¿½Þ·ï¿½ï¿½ï¿½ï¿½Ó¡ï¿½
 E:\phpproject\ipyue\ThinkPHP\Lib\Driver\Db\DbMysql.class.php ç¬¬ 55 è¡Œ.
ERR: ÓÉÓÚÄ¿±ê¼ÆËã»ú»ý¼«¾Ü¾ø£¬ÎÞ·¨Á¬½Ó¡£

NOTIC: [2] include(): Filename cannot be empty E:\phpproject\ipyue\ThinkPHP\Common\functions.php ç¬¬ 52 è¡Œ.
NOTIC: [2] include(): Failed opening '' for inclusion (include_path='.;C:\php\pear;E:\phpproject\ipyue\ThinkPHP/Extend/Vendor/') E:\phpproject\ipyue\ThinkPHP\Common\functions.php ç¬¬ 52 è¡Œ.

[ 2017-07-19T23:12:31+08:00 ] 127.0.0.1 /
NOTIC: [8192] preg_replace(): The /e modifier is deprecated, use preg_replace_callback instead E:\phpproject\ipyue\ThinkPHP\Common\common.php ç¬¬ 217 è¡Œ.
INFO: [ app_begin ] --START--
INFO: ReadHtmlCache Behavior ::run [ RunTime:0.001000s ]
INFO: [ app_begin ] --END-- [ RunTime:0.001000s ]
INFO: [ action_begin ] --START--
INFO: CronRun Behavior ::run [ RunTime:0.007001s ]
INFO: [ action_begin ] --END-- [ RunTime:0.007001s ]
NOTIC: [8192] mysql_connect(): The mysql extension is deprecated and will be removed in the future: use mysqli or PDO instead E:\phpproject\ipyue\ThinkPHP\Lib\Driver\Db\DbMysql.class.php ç¬¬ 55 è¡Œ.
SQL: SHOW COLUMNS FROM `asf_member` [ RunTime:0.068004s ]
INFO: [ view_parse ] --START--
NOTIC: [8192] preg_replace(): The /e modifier is deprecated, use preg_replace_callback instead E:\phpproject\ipyue\ThinkPHP\Lib\Template\ThinkTemplate.class.php ç¬¬ 273 è¡Œ.
NOTIC: [8192] preg_replace(): The /e modifier is deprecated, use preg_replace_callback instead E:\phpproject\ipyue\ThinkPHP\Lib\Template\ThinkTemplate.class.php ç¬¬ 273 è¡Œ.
NOTIC: [8192] preg_replace(): The /e modifier is deprecated, use preg_replace_callback instead E:\phpproject\ipyue\ThinkPHP\Lib\Template\ThinkTemplate.class.php ç¬¬ 273 è¡Œ.
NOTIC: [8192] preg_replace(): The /e modifier is deprecated, use preg_replace_callback instead E:\phpproject\ipyue\ThinkPHP\Lib\Template\ThinkTemplate.class.php ç¬¬ 273 è¡Œ.
NOTIC: [8192] preg_replace(): The /e modifier is deprecated, use preg_replace_callback instead E:\phpproject\ipyue\ThinkPHP\Lib\Template\ThinkTemplate.class.php ç¬¬ 168 è¡Œ.
NOTIC: [8192] preg_replace(): The /e modifier is deprecated, use preg_replace_callback instead E:\phpproject\ipyue\ThinkPHP\Lib\Template\ThinkTemplate.class.php ç¬¬ 404 è¡Œ.
NOTIC: [8192] preg_replace(): The /e modifier is deprecated, use preg_replace_callback instead E:\phpproject\ipyue\ThinkPHP\Lib\Template\ThinkTemplate.class.php ç¬¬ 404 è¡Œ.
NOTIC: [8192] preg_replace(): The /e modifier is deprecated, use preg_replace_callback instead E:\phpproject\ipyue\ThinkPHP\Lib\Template\ThinkTemplate.class.php ç¬¬ 404 è¡Œ.
NOTIC: [8192] preg_replace(): The /e modifier is deprecated, use preg_replace_callback instead E:\phpproject\ipyue\ThinkPHP\Lib\Template\ThinkTemplate.class.php ç¬¬ 404 è¡Œ.
NOTIC: [8192] preg_replace(): The /e modifier is deprecated, use preg_replace_callback instead E:\phpproject\ipyue\ThinkPHP\Lib\Template\ThinkTemplate.class.php ç¬¬ 404 è¡Œ.
NOTIC: [8192] preg_replace(): The /e modifier is deprecated, use preg_replace_callback instead E:\phpproject\ipyue\ThinkPHP\Lib\Template\ThinkTemplate.class.php ç¬¬ 404 è¡Œ.
NOTIC: [8192] preg_replace(): The /e modifier is deprecated, use preg_replace_callback instead E:\phpproject\ipyue\ThinkPHP\Lib\Template\ThinkTemplate.class.php ç¬¬ 404 è¡Œ.
NOTIC: [8192] preg_replace(): The /e modifier is deprecated, use preg_replace_callback instead E:\phpproject\ipyue\ThinkPHP\Lib\Template\ThinkTemplate.class.php ç¬¬ 404 è¡Œ.
NOTIC: [8192] preg_replace(): The /e modifier is deprecated, use preg_replace_callback instead E:\phpproject\ipyue\ThinkPHP\Lib\Template\ThinkTemplate.class.php ç¬¬ 404 è¡Œ.
NOTIC: [8192] preg_replace(): The /e modifier is deprecated, use preg_replace_callback instead E:\phpproject\ipyue\ThinkPHP\Lib\Template\ThinkTemplate.class.php ç¬¬ 404 è¡Œ.
NOTIC: [8192] preg_replace(): The /e modifier is deprecated, use preg_replace_callback instead E:\phpproject\ipyue\ThinkPHP\Lib\Template\ThinkTemplate.class.php ç¬¬ 404 è¡Œ.
NOTIC: [8192] preg_replace(): The /e modifier is deprecated, use preg_replace_callback instead E:\phpproject\ipyue\ThinkPHP\Lib\Template\ThinkTemplate.class.php ç¬¬ 404 è¡Œ.
NOTIC: [8192] preg_replace(): The /e modifier is deprecated, use preg_replace_callback instead E:\phpproject\ipyue\ThinkPHP\Lib\Template\ThinkTemplate.class.php ç¬¬ 399 è¡Œ.
NOTIC: [8192] preg_replace(): The /e modifier is deprecated, use preg_replace_callback instead E:\phpproject\ipyue\ThinkPHP\Lib\Template\ThinkTemplate.class.php ç¬¬ 399 è¡Œ.
NOTIC: [8192] preg_replace(): The /e modifier is deprecated, use preg_replace_callback instead E:\phpproject\ipyue\ThinkPHP\Lib\Template\ThinkTemplate.class.php ç¬¬ 404 è¡Œ.
NOTIC: [8192] preg_replace(): The /e modifier is deprecated, use preg_replace_callback instead E:\phpproject\ipyue\ThinkPHP\Lib\Template\ThinkTemplate.class.php ç¬¬ 404 è¡Œ.
NOTIC: [8192] preg_replace(): The /e modifier is deprecated, use preg_replace_callback instead E:\phpproject\ipyue\ThinkPHP\Lib\Template\ThinkTemplate.class.php ç¬¬ 404 è¡Œ.
NOTIC: [8192] preg_replace(): The /e modifier is deprecated, use preg_replace_callback instead E:\phpproject\ipyue\ThinkPHP\Lib\Template\ThinkTemplate.class.php ç¬¬ 399 è¡Œ.
NOTIC: [8192] preg_replace(): The /e modifier is deprecated, use preg_replace_callback instead E:\phpproject\ipyue\ThinkPHP\Lib\Template\ThinkTemplate.class.php ç¬¬ 404 è¡Œ.
NOTIC: [8192] preg_replace(): The /e modifier is deprecated, use preg_replace_callback instead E:\phpproject\ipyue\ThinkPHP\Lib\Template\ThinkTemplate.class.php ç¬¬ 404 è¡Œ.
NOTIC: [8192] preg_replace(): The /e modifier is deprecated, use preg_replace_callback instead E:\phpproject\ipyue\ThinkPHP\Lib\Template\ThinkTemplate.class.php ç¬¬ 404 è¡Œ.
NOTIC: [8192] preg_replace(): The /e modifier is deprecated, use preg_replace_callback instead E:\phpproject\ipyue\ThinkPHP\Lib\Template\ThinkTemplate.class.php ç¬¬ 404 è¡Œ.
NOTIC: [8192] preg_replace(): The /e modifier is deprecated, use preg_replace_callback instead E:\phpproject\ipyue\ThinkPHP\Lib\Template\ThinkTemplate.class.php ç¬¬ 404 è¡Œ.
NOTIC: [8192] preg_replace(): The /e modifier is deprecated, use preg_replace_callback instead E:\phpproject\ipyue\ThinkPHP\Lib\Template\ThinkTemplate.class.php ç¬¬ 404 è¡Œ.
NOTIC: [8192] preg_replace(): The /e modifier is deprecated, use preg_replace_callback instead E:\phpproject\ipyue\ThinkPHP\Lib\Template\ThinkTemplate.class.php ç¬¬ 404 è¡Œ.
NOTIC: [8192] preg_replace(): The /e modifier is deprecated, use preg_replace_callback instead E:\phpproject\ipyue\ThinkPHP\Lib\Template\ThinkTemplate.class.php ç¬¬ 404 è¡Œ.
NOTIC: [8192] preg_replace(): The /e modifier is deprecated, use preg_replace_callback instead E:\phpproject\ipyue\ThinkPHP\Lib\Template\ThinkTemplate.class.php ç¬¬ 404 è¡Œ.
NOTIC: [8192] preg_replace(): The /e modifier is deprecated, use preg_replace_callback instead E:\phpproject\ipyue\ThinkPHP\Lib\Template\ThinkTemplate.class.php ç¬¬ 404 è¡Œ.
NOTIC: [8192] preg_replace(): The /e modifier is deprecated, use preg_replace_callback instead E:\phpproject\ipyue\ThinkPHP\Lib\Template\ThinkTemplate.class.php ç¬¬ 404 è¡Œ.
NOTIC: [8192] preg_replace(): The /e modifier is deprecated, use preg_replace_callback instead E:\phpproject\ipyue\ThinkPHP\Lib\Template\ThinkTemplate.class.php ç¬¬ 404 è¡Œ.
NOTIC: [8192] preg_replace(): The /e modifier is deprecated, use preg_replace_callback instead E:\phpproject\ipyue\ThinkPHP\Lib\Template\ThinkTemplate.class.php ç¬¬ 404 è¡Œ.
NOTIC: [8192] preg_replace(): The /e modifier is deprecated, use preg_replace_callback instead E:\phpproject\ipyue\ThinkPHP\Lib\Template\ThinkTemplate.class.php ç¬¬ 404 è¡Œ.
NOTIC: [8192] preg_replace(): The /e modifier is deprecated, use preg_replace_callback instead E:\phpproject\ipyue\ThinkPHP\Lib\Template\ThinkTemplate.class.php ç¬¬ 404 è¡Œ.
NOTIC: [8192] preg_replace(): The /e modifier is deprecated, use preg_replace_callback instead E:\phpproject\ipyue\ThinkPHP\Lib\Template\ThinkTemplate.class.php ç¬¬ 404 è¡Œ.
NOTIC: [8192] preg_replace(): The /e modifier is deprecated, use preg_replace_callback instead E:\phpproject\ipyue\ThinkPHP\Lib\Template\ThinkTemplate.class.php ç¬¬ 404 è¡Œ.
NOTIC: [8192] preg_replace(): The /e modifier is deprecated, use preg_replace_callback instead E:\phpproject\ipyue\ThinkPHP\Lib\Template\ThinkTemplate.class.php ç¬¬ 404 è¡Œ.
NOTIC: [8192] preg_replace(): The /e modifier is deprecated, use preg_replace_callback instead E:\phpproject\ipyue\ThinkPHP\Lib\Template\ThinkTemplate.class.php ç¬¬ 404 è¡Œ.
NOTIC: [8192] preg_replace(): The /e modifier is deprecated, use preg_replace_callback instead E:\phpproject\ipyue\ThinkPHP\Lib\Template\ThinkTemplate.class.php ç¬¬ 404 è¡Œ.
NOTIC: [8192] preg_replace(): The /e modifier is deprecated, use preg_replace_callback instead E:\phpproject\ipyue\ThinkPHP\Lib\Template\ThinkTemplate.class.php ç¬¬ 404 è¡Œ.
NOTIC: [8192] preg_replace(): The /e modifier is deprecated, use preg_replace_callback instead E:\phpproject\ipyue\ThinkPHP\Lib\Template\ThinkTemplate.class.php ç¬¬ 404 è¡Œ.
NOTIC: [8192] preg_replace(): The /e modifier is deprecated, use preg_replace_callback instead E:\phpproject\ipyue\ThinkPHP\Lib\Template\ThinkTemplate.class.php ç¬¬ 404 è¡Œ.
NOTIC: [8192] preg_replace(): The /e modifier is deprecated, use preg_replace_callback instead E:\phpproject\ipyue\ThinkPHP\Lib\Template\ThinkTemplate.class.php ç¬¬ 404 è¡Œ.
NOTIC: [8192] preg_replace(): The /e modifier is deprecated, use preg_replace_callback instead E:\phpproject\ipyue\ThinkPHP\Lib\Template\ThinkTemplate.class.php ç¬¬ 404 è¡Œ.
NOTIC: [8192] preg_replace(): The /e modifier is deprecated, use preg_replace_callback instead E:\phpproject\ipyue\ThinkPHP\Lib\Template\ThinkTemplate.class.php ç¬¬ 404 è¡Œ.
NOTIC: [8192] preg_replace(): The /e modifier is deprecated, use preg_replace_callback instead E:\phpproject\ipyue\ThinkPHP\Lib\Template\ThinkTemplate.class.php ç¬¬ 404 è¡Œ.
NOTIC: [8192] preg_replace(): The /e modifier is deprecated, use preg_replace_callback instead E:\phpproject\ipyue\ThinkPHP\Lib\Template\ThinkTemplate.class.php ç¬¬ 404 è¡Œ.
NOTIC: [8192] preg_replace(): The /e modifier is deprecated, use preg_replace_callback instead E:\phpproject\ipyue\ThinkPHP\Lib\Template\ThinkTemplate.class.php ç¬¬ 404 è¡Œ.
NOTIC: [8192] preg_replace(): The /e modifier is deprecated, use preg_replace_callback instead E:\phpproject\ipyue\ThinkPHP\Lib\Template\ThinkTemplate.class.php ç¬¬ 404 è¡Œ.
NOTIC: [8192] preg_replace(): The /e modifier is deprecated, use preg_replace_callback instead E:\phpproject\ipyue\ThinkPHP\Lib\Template\ThinkTemplate.class.php ç¬¬ 404 è¡Œ.
NOTIC: [8192] preg_replace(): The /e modifier is deprecated, use preg_replace_callback instead E:\phpproject\ipyue\ThinkPHP\Lib\Template\ThinkTemplate.class.php ç¬¬ 404 è¡Œ.
NOTIC: [8192] preg_replace(): The /e modifier is deprecated, use preg_replace_callback instead E:\phpproject\ipyue\ThinkPHP\Lib\Template\ThinkTemplate.class.php ç¬¬ 404 è¡Œ.
NOTIC: [8192] preg_replace(): The /e modifier is deprecated, use preg_replace_callback instead E:\phpproject\ipyue\ThinkPHP\Lib\Template\ThinkTemplate.class.php ç¬¬ 404 è¡Œ.
NOTIC: [8192] preg_replace(): The /e modifier is deprecated, use preg_replace_callback instead E:\phpproject\ipyue\ThinkPHP\Lib\Template\ThinkTemplate.class.php ç¬¬ 404 è¡Œ.
NOTIC: [8192] preg_replace(): The /e modifier is deprecated, use preg_replace_callback instead E:\phpproject\ipyue\ThinkPHP\Lib\Template\ThinkTemplate.class.php ç¬¬ 404 è¡Œ.
NOTIC: [8192] preg_replace(): The /e modifier is deprecated, use preg_replace_callback instead E:\phpproject\ipyue\ThinkPHP\Lib\Template\ThinkTemplate.class.php ç¬¬ 404 è¡Œ.
NOTIC: [8192] preg_replace(): The /e modifier is deprecated, use preg_replace_callback instead E:\phpproject\ipyue\ThinkPHP\Lib\Template\ThinkTemplate.class.php ç¬¬ 404 è¡Œ.
NOTIC: [8192] preg_replace(): The /e modifier is deprecated, use preg_replace_callback instead E:\phpproject\ipyue\ThinkPHP\Lib\Template\ThinkTemplate.class.php ç¬¬ 404 è¡Œ.
NOTIC: [8192] preg_replace(): The /e modifier is deprecated, use preg_replace_callback instead E:\phpproject\ipyue\ThinkPHP\Lib\Template\ThinkTemplate.class.php ç¬¬ 404 è¡Œ.
NOTIC: [8192] preg_replace(): The /e modifier is deprecated, use preg_replace_callback instead E:\phpproject\ipyue\ThinkPHP\Lib\Template\ThinkTemplate.class.php ç¬¬ 404 è¡Œ.
NOTIC: [8192] preg_replace(): The /e modifier is deprecated, use preg_replace_callback instead E:\phpproject\ipyue\ThinkPHP\Lib\Template\ThinkTemplate.class.php ç¬¬ 404 è¡Œ.
NOTIC: [8192] preg_replace(): The /e modifier is deprecated, use preg_replace_callback instead E:\phpproject\ipyue\ThinkPHP\Lib\Template\ThinkTemplate.class.php ç¬¬ 404 è¡Œ.
NOTIC: [8192] preg_replace(): The /e modifier is deprecated, use preg_replace_callback instead E:\phpproject\ipyue\ThinkPHP\Lib\Template\ThinkTemplate.class.php ç¬¬ 404 è¡Œ.
NOTIC: [8192] preg_replace(): The /e modifier is deprecated, use preg_replace_callback instead E:\phpproject\ipyue\ThinkPHP\Lib\Template\ThinkTemplate.class.php ç¬¬ 404 è¡Œ.
NOTIC: [8192] preg_replace(): The /e modifier is deprecated, use preg_replace_callback instead E:\phpproject\ipyue\ThinkPHP\Lib\Template\ThinkTemplate.class.php ç¬¬ 404 è¡Œ.
NOTIC: [8192] preg_replace(): The /e modifier is deprecated, use preg_replace_callback instead E:\phpproject\ipyue\ThinkPHP\Lib\Template\ThinkTemplate.class.php ç¬¬ 404 è¡Œ.
NOTIC: [8192] preg_replace(): The /e modifier is deprecated, use preg_replace_callback instead E:\phpproject\ipyue\ThinkPHP\Lib\Template\ThinkTemplate.class.php ç¬¬ 404 è¡Œ.
NOTIC: [8192] preg_replace(): The /e modifier is deprecated, use preg_replace_callback instead E:\phpproject\ipyue\ThinkPHP\Lib\Template\ThinkTemplate.class.php ç¬¬ 404 è¡Œ.
NOTIC: [8192] preg_replace(): The /e modifier is deprecated, use preg_replace_callback instead E:\phpproject\ipyue\ThinkPHP\Lib\Template\ThinkTemplate.class.php ç¬¬ 404 è¡Œ.
NOTIC: [8192] preg_replace(): The /e modifier is deprecated, use preg_replace_callback instead E:\phpproject\ipyue\ThinkPHP\Lib\Template\ThinkTemplate.class.php ç¬¬ 404 è¡Œ.
NOTIC: [8192] preg_replace(): The /e modifier is deprecated, use preg_replace_callback instead E:\phpproject\ipyue\ThinkPHP\Lib\Template\ThinkTemplate.class.php ç¬¬ 404 è¡Œ.
NOTIC: [8192] preg_replace(): The /e modifier is deprecated, use preg_replace_callback instead E:\phpproject\ipyue\ThinkPHP\Lib\Template\ThinkTemplate.class.php ç¬¬ 404 è¡Œ.
NOTIC: [8192] preg_replace(): The /e modifier is deprecated, use preg_replace_callback instead E:\phpproject\ipyue\ThinkPHP\Lib\Template\ThinkTemplate.class.php ç¬¬ 404 è¡Œ.
NOTIC: [8192] preg_replace(): The /e modifier is deprecated, use preg_replace_callback instead E:\phpproject\ipyue\ThinkPHP\Lib\Template\ThinkTemplate.class.php ç¬¬ 404 è¡Œ.
NOTIC: [8192] preg_replace(): The /e modifier is deprecated, use preg_replace_callback instead E:\phpproject\ipyue\ThinkPHP\Lib\Template\ThinkTemplate.class.php ç¬¬ 404 è¡Œ.
NOTIC: [8192] preg_replace(): The /e modifier is deprecated, use preg_replace_callback instead E:\phpproject\ipyue\ThinkPHP\Lib\Template\ThinkTemplate.class.php ç¬¬ 404 è¡Œ.
NOTIC: [8192] preg_replace(): The /e modifier is deprecated, use preg_replace_callback instead E:\phpproject\ipyue\ThinkPHP\Lib\Template\ThinkTemplate.class.php ç¬¬ 404 è¡Œ.
NOTIC: [8192] preg_replace(): The /e modifier is deprecated, use preg_replace_callback instead E:\phpproject\ipyue\ThinkPHP\Lib\Template\ThinkTemplate.class.php ç¬¬ 404 è¡Œ.
NOTIC: [8192] preg_replace(): The /e modifier is deprecated, use preg_replace_callback instead E:\phpproject\ipyue\ThinkPHP\Lib\Template\ThinkTemplate.class.php ç¬¬ 404 è¡Œ.
NOTIC: [8192] preg_replace(): The /e modifier is deprecated, use preg_replace_callback instead E:\phpproject\ipyue\ThinkPHP\Lib\Template\ThinkTemplate.class.php ç¬¬ 404 è¡Œ.
NOTIC: [8192] preg_replace(): The /e modifier is deprecated, use preg_replace_callback instead E:\phpproject\ipyue\ThinkPHP\Lib\Template\ThinkTemplate.class.php ç¬¬ 404 è¡Œ.
NOTIC: [8192] preg_replace(): The /e modifier is deprecated, use preg_replace_callback instead E:\phpproject\ipyue\ThinkPHP\Lib\Template\ThinkTemplate.class.php ç¬¬ 404 è¡Œ.
NOTIC: [8192] preg_replace(): The /e modifier is deprecated, use preg_replace_callback instead E:\phpproject\ipyue\ThinkPHP\Lib\Template\ThinkTemplate.class.php ç¬¬ 404 è¡Œ.
NOTIC: [8192] preg_replace(): The /e modifier is deprecated, use preg_replace_callback instead E:\phpproject\ipyue\ThinkPHP\Lib\Template\ThinkTemplate.class.php ç¬¬ 404 è¡Œ.
NOTIC: [8192] preg_replace(): The /e modifier is deprecated, use preg_replace_callback instead E:\phpproject\ipyue\ThinkPHP\Lib\Template\ThinkTemplate.class.php ç¬¬ 404 è¡Œ.
NOTIC: [8192] preg_replace(): The /e modifier is deprecated, use preg_replace_callback instead E:\phpproject\ipyue\ThinkPHP\Lib\Template\ThinkTemplate.class.php ç¬¬ 399 è¡Œ.
NOTIC: [8192] preg_replace(): The /e modifier is deprecated, use preg_replace_callback instead E:\phpproject\ipyue\ThinkPHP\Lib\Template\ThinkTemplate.class.php ç¬¬ 399 è¡Œ.
NOTIC: [8192] preg_replace(): The /e modifier is deprecated, use preg_replace_callback instead E:\phpproject\ipyue\ThinkPHP\Lib\Template\ThinkTemplate.class.php ç¬¬ 399 è¡Œ.
NOTIC: [8192] preg_replace(): The /e modifier is deprecated, use preg_replace_callback instead E:\phpproject\ipyue\ThinkPHP\Lib\Template\ThinkTemplate.class.php ç¬¬ 399 è¡Œ.
NOTIC: [8192] preg_replace(): The /e modifier is deprecated, use preg_replace_callback instead E:\phpproject\ipyue\ThinkPHP\Lib\Template\ThinkTemplate.class.php ç¬¬ 399 è¡Œ.
NOTIC: [8192] preg_replace(): The /e modifier is deprecated, use preg_replace_callback instead E:\phpproject\ipyue\ThinkPHP\Lib\Template\ThinkTemplate.class.php ç¬¬ 399 è¡Œ.
NOTIC: [8192] preg_replace(): The /e modifier is deprecated, use preg_replace_callback instead E:\phpproject\ipyue\ThinkPHP\Lib\Template\ThinkTemplate.class.php ç¬¬ 404 è¡Œ.
NOTIC: [8192] preg_replace(): The /e modifier is deprecated, use preg_replace_callback instead E:\phpproject\ipyue\ThinkPHP\Lib\Template\ThinkTemplate.class.php ç¬¬ 404 è¡Œ.
NOTIC: [8192] preg_replace(): The /e modifier is deprecated, use preg_replace_callback instead E:\phpproject\ipyue\ThinkPHP\Lib\Template\ThinkTemplate.class.php ç¬¬ 404 è¡Œ.
NOTIC: [8192] preg_replace(): The /e modifier is deprecated, use preg_replace_callback instead E:\phpproject\ipyue\ThinkPHP\Lib\Template\ThinkTemplate.class.php ç¬¬ 197 è¡Œ.
NOTIC: [8192] preg_replace(): The /e modifier is deprecated, use preg_replace_callback instead E:\phpproject\ipyue\ThinkPHP\Lib\Template\ThinkTemplate.class.php ç¬¬ 137 è¡Œ.
INFO: ParseTemplate Behavior ::run [ RunTime:0.229013s ]
INFO: [ view_parse ] --END-- [ RunTime:0.231013s ]
INFO: [ view_filter ] --START--
INFO: ContentReplace Behavior ::run [ RunTime:0.019001s ]
INFO: TokenBuild Behavior ::run [ RunTime:0.003000s ]
INFO: WriteHtmlCache Behavior ::run [ RunTime:0.002000s ]
INFO: ShowRuntime Behavior ::run [ RunTime:0.003000s ]
INFO: [ view_filter ] --END-- [ RunTime:0.030001s ]
INFO: [ view_end ] --START--
INFO: ShowPageTrace Behavior ::run [ RunTime:0.056003s ]
INFO: [ view_end ] --END-- [ RunTime:0.057003s ]

[ 2017-07-19T23:12:42+08:00 ] 127.0.0.1 /Freetour
INFO: [ route_check ] --START--
INFO: CheckRoute Behavior ::run [ RunTime:0.032002s ]
INFO: [ route_check ] --END-- [ RunTime:0.032002s ]
NOTIC: [8192] preg_replace(): The /e modifier is deprecated, use preg_replace_callback instead E:\phpproject\ipyue\ThinkPHP\Lib\Core\Dispatcher.class.php ç¬¬ 132 è¡Œ.
NOTIC: [8192] preg_replace(): The /e modifier is deprecated, use preg_replace_callback instead E:\phpproject\ipyue\ThinkPHP\Common\common.php ç¬¬ 217 è¡Œ.
INFO: [ app_begin ] --START--
INFO: ReadHtmlCache Behavior ::run [ RunTime:0.003000s ]
INFO: [ app_begin ] --END-- [ RunTime:0.004000s ]
INFO: [ action_begin ] --START--
INFO: CronRun Behavior ::run [ RunTime:0.009001s ]
INFO: [ action_begin ] --END-- [ RunTime:0.010001s ]
NOTIC: [8192] mysql_connect(): The mysql extension is deprecated and will be removed in the future: use mysqli or PDO instead E:\phpproject\ipyue\ThinkPHP\Lib\Driver\Db\DbMysql.class.php ç¬¬ 55 è¡Œ.
SQL: SHOW COLUMNS FROM `asf_member` [ RunTime:0.003000s ]
SQL: SHOW COLUMNS FROM `asf_freetour` [ RunTime:0.049002s ]
NOTIC: [8192] preg_replace(): The /e modifier is deprecated, use preg_replace_callback instead E:\phpproject\ipyue\ThinkPHP\Lib\Core\Db.class.php ç¬¬ 604 è¡Œ.
SQL: SELECT `id`,`images`,`price`,`title`,`old_price` FROM `asf_freetour` WHERE ( `old_price` > 0 ) AND ( `status` = 1 ) ORDER BY published desc LIMIT 10   [ RunTime:0.049003s ]
SQL: SHOW COLUMNS FROM `asf_city` [ RunTime:0.051003s ]
NOTIC: [8192] preg_replace(): The /e modifier is deprecated, use preg_replace_callback instead E:\phpproject\ipyue\ThinkPHP\Lib\Core\Db.class.php ç¬¬ 604 è¡Œ.
SQL: SELECT COUNT(*) AS tp_count FROM `asf_freetour` WHERE ( `old_price` > 0 ) LIMIT 1   [ RunTime:0.044002s ]
SQL: SHOW COLUMNS FROM `asf_news_img` [ RunTime:0.046003s ]
NOTIC: [8192] preg_replace(): The /e modifier is deprecated, use preg_replace_callback instead E:\phpproject\ipyue\ThinkPHP\Lib\Core\Db.class.php ç¬¬ 604 è¡Œ.
SQL: SELECT `id`,`img`,`src` FROM `asf_news_img` WHERE ( type=1 ) ORDER BY rand DESC  [ RunTime:0.002000s ]
INFO: [ view_parse ] --START--
NOTIC: [8192] preg_replace(): The /e modifier is deprecated, use preg_replace_callback instead E:\phpproject\ipyue\ThinkPHP\Lib\Template\ThinkTemplate.class.php ç¬¬ 273 è¡Œ.
NOTIC: [8192] preg_replace(): The /e modifier is deprecated, use preg_replace_callback instead E:\phpproject\ipyue\ThinkPHP\Lib\Template\ThinkTemplate.class.php ç¬¬ 273 è¡Œ.
NOTIC: [8192] preg_replace(): The /e modifier is deprecated, use preg_replace_callback instead E:\phpproject\ipyue\ThinkPHP\Lib\Template\ThinkTemplate.class.php ç¬¬ 273 è¡Œ.
NOTIC: [8192] preg_replace(): The /e modifier is deprecated, use preg_replace_callback instead E:\phpproject\ipyue\ThinkPHP\Lib\Template\ThinkTemplate.class.php ç¬¬ 273 è¡Œ.
NOTIC: [8192] preg_replace(): The /e modifier is deprecated, use preg_replace_callback instead E:\phpproject\ipyue\ThinkPHP\Lib\Template\ThinkTemplate.class.php ç¬¬ 168 è¡Œ.
NOTIC: [8192] preg_replace(): The /e modifier is deprecated, use preg_replace_callback instead E:\phpproject\ipyue\ThinkPHP\Lib\Template\ThinkTemplate.class.php ç¬¬ 404 è¡Œ.
NOTIC: [8192] preg_replace(): The /e modifier is deprecated, use preg_replace_callback instead E:\phpproject\ipyue\ThinkPHP\Lib\Template\ThinkTemplate.class.php ç¬¬ 404 è¡Œ.
NOTIC: [8192] preg_replace(): The /e modifier is deprecated, use preg_replace_callback instead E:\phpproject\ipyue\ThinkPHP\Lib\Template\ThinkTemplate.class.php ç¬¬ 404 è¡Œ.
NOTIC: [8192] preg_replace(): The /e modifier is deprecated, use preg_replace_callback instead E:\phpproject\ipyue\ThinkPHP\Lib\Template\ThinkTemplate.class.php ç¬¬ 404 è¡Œ.
NOTIC: [8192] preg_replace(): The /e modifier is deprecated, use preg_replace_callback instead E:\phpproject\ipyue\ThinkPHP\Lib\Template\ThinkTemplate.class.php ç¬¬ 404 è¡Œ.
NOTIC: [8192] preg_replace(): The /e modifier is deprecated, use preg_replace_callback instead E:\phpproject\ipyue\ThinkPHP\Lib\Template\ThinkTemplate.class.php ç¬¬ 273 è¡Œ.
NOTIC: [8192] preg_replace(): The /e modifier is deprecated, use preg_replace_callback instead E:\phpproject\ipyue\ThinkPHP\Lib\Template\ThinkTemplate.class.php ç¬¬ 168 è¡Œ.
NOTIC: [8192] preg_replace(): The /e modifier is deprecated, use preg_replace_callback instead E:\phpproject\ipyue\ThinkPHP\Lib\Template\ThinkTemplate.class.php ç¬¬ 404 è¡Œ.
NOTIC: [8192] preg_replace(): The /e modifier is deprecated, use preg_replace_callback instead E:\phpproject\ipyue\ThinkPHP\Lib\Template\ThinkTemplate.class.php ç¬¬ 404 è¡Œ.
NOTIC: [8192] preg_replace(): The /e modifier is deprecated, use preg_replace_callback instead E:\phpproject\ipyue\ThinkPHP\Lib\Template\ThinkTemplate.class.php ç¬¬ 404 è¡Œ.
NOTIC: [8192] preg_replace(): The /e modifier is deprecated, use preg_replace_callback instead E:\phpproject\ipyue\ThinkPHP\Lib\Template\ThinkTemplate.class.php ç¬¬ 404 è¡Œ.
NOTIC: [8192] preg_replace(): The /e modifier is deprecated, use preg_replace_callback instead E:\phpproject\ipyue\ThinkPHP\Lib\Template\ThinkTemplate.class.php ç¬¬ 404 è¡Œ.
NOTIC: [8192] preg_replace(): The /e modifier is deprecated, use preg_replace_callback instead E:\phpproject\ipyue\ThinkPHP\Lib\Template\ThinkTemplate.class.php ç¬¬ 404 è¡Œ.
NOTIC: [8192] preg_replace(): The /e modifier is deprecated, use preg_replace_callback instead E:\phpproject\ipyue\ThinkPHP\Lib\Template\ThinkTemplate.class.php ç¬¬ 404 è¡Œ.
NOTIC: [8192] preg_replace(): The /e modifier is deprecated, use preg_replace_callback instead E:\phpproject\ipyue\ThinkPHP\Lib\Template\ThinkTemplate.class.php ç¬¬ 404 è¡Œ.
NOTIC: [8192] preg_replace(): The /e modifier is deprecated, use preg_replace_callback instead E:\phpproject\ipyue\ThinkPHP\Lib\Template\ThinkTemplate.class.php ç¬¬ 404 è¡Œ.
NOTIC: [8192] preg_replace(): The /e modifier is deprecated, use preg_replace_callback instead E:\phpproject\ipyue\ThinkPHP\Lib\Template\ThinkTemplate.class.php ç¬¬ 404 è¡Œ.
NOTIC: [8192] preg_replace(): The /e modifier is deprecated, use preg_replace_callback instead E:\phpproject\ipyue\ThinkPHP\Lib\Template\ThinkTemplate.class.php ç¬¬ 404 è¡Œ.
NOTIC: [8192] preg_replace(): The /e modifier is deprecated, use preg_replace_callback instead E:\phpproject\ipyue\ThinkPHP\Lib\Template\ThinkTemplate.class.php ç¬¬ 404 è¡Œ.
NOTIC: [8192] preg_replace(): The /e modifier is deprecated, use preg_replace_callback instead E:\phpproject\ipyue\ThinkPHP\Lib\Template\ThinkTemplate.class.php ç¬¬ 399 è¡Œ.
NOTIC: [8192] preg_replace(): The /e modifier is deprecated, use preg_replace_callback instead E:\phpproject\ipyue\ThinkPHP\Lib\Template\ThinkTemplate.class.php ç¬¬ 399 è¡Œ.
NOTIC: [8192] preg_replace(): The /e modifier is deprecated, use preg_replace_callback instead E:\phpproject\ipyue\ThinkPHP\Lib\Template\ThinkTemplate.class.php ç¬¬ 404 è¡Œ.
NOTIC: [8192] preg_replace(): The /e modifier is deprecated, use preg_replace_callback instead E:\phpproject\ipyue\ThinkPHP\Lib\Template\ThinkTemplate.class.php ç¬¬ 404 è¡Œ.
NOTIC: [8192] preg_replace(): The /e modifier is deprecated, use preg_replace_callback instead E:\phpproject\ipyue\ThinkPHP\Lib\Template\ThinkTemplate.class.php ç¬¬ 404 è¡Œ.
NOTIC: [8192] preg_replace(): The /e modifier is deprecated, use preg_replace_callback instead E:\phpproject\ipyue\ThinkPHP\Lib\Template\ThinkTemplate.class.php ç¬¬ 399 è¡Œ.
NOTIC: [8192] preg_replace(): The /e modifier is deprecated, use preg_replace_callback instead E:\phpproject\ipyue\ThinkPHP\Lib\Template\ThinkTemplate.class.php ç¬¬ 404 è¡Œ.
NOTIC: [8192] preg_replace(): The /e modifier is deprecated, use preg_replace_callback instead E:\phpproject\ipyue\ThinkPHP\Lib\Template\ThinkTemplate.class.php ç¬¬ 404 è¡Œ.
NOTIC: [8192] preg_replace(): The /e modifier is deprecated, use preg_replace_callback instead E:\phpproject\ipyue\ThinkPHP\Lib\Template\ThinkTemplate.class.php ç¬¬ 404 è¡Œ.
NOTIC: [8192] preg_replace(): The /e modifier is deprecated, use preg_replace_callback instead E:\phpproject\ipyue\ThinkPHP\Lib\Template\ThinkTemplate.class.php ç¬¬ 404 è¡Œ.
NOTIC: [8192] preg_replace(): The /e modifier is deprecated, use preg_replace_callback instead E:\phpproject\ipyue\ThinkPHP\Lib\Template\ThinkTemplate.class.php ç¬¬ 404 è¡Œ.
NOTIC: [8192] preg_replace(): The /e modifier is deprecated, use preg_replace_callback instead E:\phpproject\ipyue\ThinkPHP\Lib\Template\ThinkTemplate.class.php ç¬¬ 404 è¡Œ.
NOTIC: [8192] preg_replace(): The /e modifier is deprecated, use preg_replace_callback instead E:\phpproject\ipyue\ThinkPHP\Lib\Template\ThinkTemplate.class.php ç¬¬ 404 è¡Œ.
NOTIC: [8192] preg_replace(): The /e modifier is deprecated, use preg_replace_callback instead E:\phpproject\ipyue\ThinkPHP\Lib\Template\ThinkTemplate.class.php ç¬¬ 404 è¡Œ.
NOTIC: [8192] preg_replace(): The /e modifier is deprecated, use preg_replace_callback instead E:\phpproject\ipyue\ThinkPHP\Lib\Template\ThinkTemplate.class.php ç¬¬ 404 è¡Œ.
NOTIC: [8192] preg_replace(): The /e modifier is deprecated, use preg_replace_callback instead E:\phpproject\ipyue\ThinkPHP\Lib\Template\ThinkTemplate.class.php ç¬¬ 404 è¡Œ.
NOTIC: [8192] preg_replace(): The /e modifier is deprecated, use preg_replace_callback instead E:\phpproject\ipyue\ThinkPHP\Lib\Template\ThinkTemplate.class.php ç¬¬ 404 è¡Œ.
NOTIC: [8192] preg_replace(): The /e modifier is deprecated, use preg_replace_callback instead E:\phpproject\ipyue\ThinkPHP\Lib\Template\ThinkTemplate.class.php ç¬¬ 404 è¡Œ.
NOTIC: [8192] preg_replace(): The /e modifier is deprecated, use preg_replace_callback instead E:\phpproject\ipyue\ThinkPHP\Lib\Template\ThinkTemplate.class.php ç¬¬ 404 è¡Œ.
NOTIC: [8192] preg_replace(): The /e modifier is deprecated, use preg_replace_callback instead E:\phpproject\ipyue\ThinkPHP\Lib\Template\ThinkTemplate.class.php ç¬¬ 404 è¡Œ.
NOTIC: [8192] preg_replace(): The /e modifier is deprecated, use preg_replace_callback instead E:\phpproject\ipyue\ThinkPHP\Lib\Template\ThinkTemplate.class.php ç¬¬ 404 è¡Œ.
NOTIC: [8192] preg_replace(): The /e modifier is deprecated, use preg_replace_callback instead E:\phpproject\ipyue\ThinkPHP\Lib\Template\ThinkTemplate.class.php ç¬¬ 404 è¡Œ.
NOTIC: [8192] preg_replace(): The /e modifier is deprecated, use preg_replace_callback instead E:\phpproject\ipyue\ThinkPHP\Lib\Template\ThinkTemplate.class.php ç¬¬ 404 è¡Œ.
NOTIC: [8192] preg_replace(): The /e modifier is deprecated, use preg_replace_callback instead E:\phpproject\ipyue\ThinkPHP\Lib\Template\ThinkTemplate.class.php ç¬¬ 404 è¡Œ.
NOTIC: [8192] preg_replace(): The /e modifier is deprecated, use preg_replace_callback instead E:\phpproject\ipyue\ThinkPHP\Lib\Template\ThinkTemplate.class.php ç¬¬ 404 è¡Œ.
NOTIC: [8192] preg_replace(): The /e modifier is deprecated, use preg_replace_callback instead E:\phpproject\ipyue\ThinkPHP\Lib\Template\ThinkTemplate.class.php ç¬¬ 404 è¡Œ.
NOTIC: [8192] preg_replace(): The /e modifier is deprecated, use preg_replace_callback instead E:\phpproject\ipyue\ThinkPHP\Lib\Template\ThinkTemplate.class.php ç¬¬ 404 è¡Œ.
NOTIC: [8192] preg_replace(): The /e modifier is deprecated, use preg_replace_callback instead E:\phpproject\ipyue\ThinkPHP\Lib\Template\ThinkTemplate.class.php ç¬¬ 404 è¡Œ.
NOTIC: [8192] preg_replace(): The /e modifier is deprecated, use preg_replace_callback instead E:\phpproject\ipyue\ThinkPHP\Lib\Template\ThinkTemplate.class.php ç¬¬ 404 è¡Œ.
NOTIC: [8192] preg_replace(): The /e modifier is deprecated, use preg_replace_callback instead E:\phpproject\ipyue\ThinkPHP\Lib\Template\ThinkTemplate.class.php ç¬¬ 404 è¡Œ.
NOTIC: [8192] preg_replace(): The /e modifier is deprecated, use preg_replace_callback instead E:\phpproject\ipyue\ThinkPHP\Lib\Template\ThinkTemplate.class.php ç¬¬ 404 è¡Œ.
NOTIC: [8192] preg_replace(): The /e modifier is deprecated, use preg_replace_callback instead E:\phpproject\ipyue\ThinkPHP\Lib\Template\ThinkTemplate.class.php ç¬¬ 404 è¡Œ.
NOTIC: [8192] preg_replace(): The /e modifier is deprecated, use preg_replace_callback instead E:\phpproject\ipyue\ThinkPHP\Lib\Template\ThinkTemplate.class.php ç¬¬ 404 è¡Œ.
NOTIC: [8192] preg_replace(): The /e modifier is deprecated, use preg_replace_callback instead E:\phpproject\ipyue\ThinkPHP\Lib\Template\ThinkTemplate.class.php ç¬¬ 404 è¡Œ.
NOTIC: [8192] preg_replace(): The /e modifier is deprecated, use preg_replace_callback instead E:\phpproject\ipyue\ThinkPHP\Lib\Template\ThinkTemplate.class.php ç¬¬ 404 è¡Œ.
NOTIC: [8192] preg_replace(): The /e modifier is deprecated, use preg_replace_callback instead E:\phpproject\ipyue\ThinkPHP\Lib\Template\ThinkTemplate.class.php ç¬¬ 404 è¡Œ.
NOTIC: [8192] preg_replace(): The /e modifier is deprecated, use preg_replace_callback instead E:\phpproject\ipyue\ThinkPHP\Lib\Template\ThinkTemplate.class.php ç¬¬ 404 è¡Œ.
NOTIC: [8192] preg_replace(): The /e modifier is deprecated, use preg_replace_callback instead E:\phpproject\ipyue\ThinkPHP\Lib\Template\ThinkTemplate.class.php ç¬¬ 404 è¡Œ.
NOTIC: [8192] preg_replace(): The /e modifier is deprecated, use preg_replace_callback instead E:\phpproject\ipyue\ThinkPHP\Lib\Template\ThinkTemplate.class.php ç¬¬ 404 è¡Œ.
NOTIC: [8192] preg_replace(): The /e modifier is deprecated, use preg_replace_callback instead E:\phpproject\ipyue\ThinkPHP\Lib\Template\ThinkTemplate.class.php ç¬¬ 404 è¡Œ.
NOTIC: [8192] preg_replace(): The /e modifier is deprecated, use preg_replace_callback instead E:\phpproject\ipyue\ThinkPHP\Lib\Template\ThinkTemplate.class.php ç¬¬ 404 è¡Œ.
NOTIC: [8192] preg_replace(): The /e modifier is deprecated, use preg_replace_callback instead E:\phpproject\ipyue\ThinkPHP\Lib\Template\ThinkTemplate.class.php ç¬¬ 404 è¡Œ.
NOTIC: [8192] preg_replace(): The /e modifier is deprecated, use preg_replace_callback instead E:\phpproject\ipyue\ThinkPHP\Lib\Template\ThinkTemplate.class.php ç¬¬ 404 è¡Œ.
NOTIC: [8192] preg_replace(): The /e modifier is deprecated, use preg_replace_callback instead E:\phpproject\ipyue\ThinkPHP\Lib\Template\ThinkTemplate.class.php ç¬¬ 404 è¡Œ.
NOTIC: [8192] preg_replace(): The /e modifier is deprecated, use preg_replace_callback instead E:\phpproject\ipyue\ThinkPHP\Lib\Template\ThinkTemplate.class.php ç¬¬ 404 è¡Œ.
NOTIC: [8192] preg_replace(): The /e modifier is deprecated, use preg_replace_callback instead E:\phpproject\ipyue\ThinkPHP\Lib\Template\ThinkTemplate.class.php ç¬¬ 404 è¡Œ.
NOTIC: [8192] preg_replace(): The /e modifier is deprecated, use preg_replace_callback instead E:\phpproject\ipyue\ThinkPHP\Lib\Template\ThinkTemplate.class.php ç¬¬ 404 è¡Œ.
NOTIC: [8192] preg_replace(): The /e modifier is deprecated, use preg_replace_callback instead E:\phpproject\ipyue\ThinkPHP\Lib\Template\ThinkTemplate.class.php ç¬¬ 404 è¡Œ.
NOTIC: [8192] preg_replace(): The /e modifier is deprecated, use preg_replace_callback instead E:\phpproject\ipyue\ThinkPHP\Lib\Template\ThinkTemplate.class.php ç¬¬ 404 è¡Œ.
NOTIC: [8192] preg_replace(): The /e modifier is deprecated, use preg_replace_callback instead E:\phpproject\ipyue\ThinkPHP\Lib\Template\ThinkTemplate.class.php ç¬¬ 404 è¡Œ.
NOTIC: [8192] preg_replace(): The /e modifier is deprecated, use preg_replace_callback instead E:\phpproject\ipyue\ThinkPHP\Lib\Template\ThinkTemplate.class.php ç¬¬ 404 è¡Œ.
NOTIC: [8192] preg_replace(): The /e modifier is deprecated, use preg_replace_callback instead E:\phpproject\ipyue\ThinkPHP\Lib\Template\ThinkTemplate.class.php ç¬¬ 404 è¡Œ.
NOTIC: [8192] preg_replace(): The /e modifier is deprecated, use preg_replace_callback instead E:\phpproject\ipyue\ThinkPHP\Lib\Template\ThinkTemplate.class.php ç¬¬ 404 è¡Œ.
NOTIC: [8192] preg_replace(): The /e modifier is deprecated, use preg_replace_callback instead E:\phpproject\ipyue\ThinkPHP\Lib\Template\ThinkTemplate.class.php ç¬¬ 404 è¡Œ.
NOTIC: [8192] preg_replace(): The /e modifier is deprecated, use preg_replace_callback instead E:\phpproject\ipyue\ThinkPHP\Lib\Template\ThinkTemplate.class.php ç¬¬ 404 è¡Œ.
NOTIC: [8192] preg_replace(): The /e modifier is deprecated, use preg_replace_callback instead E:\phpproject\ipyue\ThinkPHP\Lib\Template\ThinkTemplate.class.php ç¬¬ 404 è¡Œ.
NOTIC: [8192] preg_replace(): The /e modifier is deprecated, use preg_replace_callback instead E:\phpproject\ipyue\ThinkPHP\Lib\Template\ThinkTemplate.class.php ç¬¬ 404 è¡Œ.
NOTIC: [8192] preg_replace(): The /e modifier is deprecated, use preg_replace_callback instead E:\phpproject\ipyue\ThinkPHP\Lib\Template\ThinkTemplate.class.php ç¬¬ 404 è¡Œ.
NOTIC: [8192] preg_replace(): The /e modifier is deprecated, use preg_replace_callback instead E:\phpproject\ipyue\ThinkPHP\Lib\Template\ThinkTemplate.class.php ç¬¬ 404 è¡Œ.
NOTIC: [8192] preg_replace(): The /e modifier is deprecated, use preg_replace_callback instead E:\phpproject\ipyue\ThinkPHP\Lib\Template\ThinkTemplate.class.php ç¬¬ 404 è¡Œ.
NOTIC: [8192] preg_replace(): The /e modifier is deprecated, use preg_replace_callback instead E:\phpproject\ipyue\ThinkPHP\Lib\Template\ThinkTemplate.class.php ç¬¬ 404 è¡Œ.
NOTIC: [8192] preg_replace(): The /e modifier is deprecated, use preg_replace_callback instead E:\phpproject\ipyue\ThinkPHP\Lib\Template\ThinkTemplate.class.php ç¬¬ 404 è¡Œ.
NOTIC: [8192] preg_replace(): The /e modifier is deprecated, use preg_replace_callback instead E:\phpproject\ipyue\ThinkPHP\Lib\Template\ThinkTemplate.class.php ç¬¬ 404 è¡Œ.
NOTIC: [8192] preg_replace(): The /e modifier is deprecated, use preg_replace_callback instead E:\phpproject\ipyue\ThinkPHP\Lib\Template\ThinkTemplate.class.php ç¬¬ 404 è¡Œ.
NOTIC: [8192] preg_replace(): The /e modifier is deprecated, use preg_replace_callback instead E:\phpproject\ipyue\ThinkPHP\Lib\Template\ThinkTemplate.class.php ç¬¬ 404 è¡Œ.
NOTIC: [8192] preg_replace(): The /e modifier is deprecated, use preg_replace_callback instead E:\phpproject\ipyue\ThinkPHP\Lib\Template\ThinkTemplate.class.php ç¬¬ 404 è¡Œ.
NOTIC: [8192] preg_replace(): The /e modifier is deprecated, use preg_replace_callback instead E:\phpproject\ipyue\ThinkPHP\Lib\Template\ThinkTemplate.class.php ç¬¬ 404 è¡Œ.
NOTIC: [8192] preg_replace(): The /e modifier is deprecated, use preg_replace_callback instead E:\phpproject\ipyue\ThinkPHP\Lib\Template\ThinkTemplate.class.php ç¬¬ 404 è¡Œ.
NOTIC: [8192] preg_replace(): The /e modifier is deprecated, use preg_replace_callback instead E:\phpproject\ipyue\ThinkPHP\Lib\Template\ThinkTemplate.class.php ç¬¬ 404 è¡Œ.
NOTIC: [8192] preg_replace(): The /e modifier is deprecated, use preg_replace_callback instead E:\phpproject\ipyue\ThinkPHP\Lib\Template\ThinkTemplate.class.php ç¬¬ 404 è¡Œ.
NOTIC: [8192] preg_replace(): The /e modifier is deprecated, use preg_replace_callback instead E:\phpproject\ipyue\ThinkPHP\Lib\Template\ThinkTemplate.class.php ç¬¬ 404 è¡Œ.
NOTIC: [8192] preg_replace(): The /e modifier is deprecated, use preg_replace_callback instead E:\phpproject\ipyue\ThinkPHP\Lib\Template\ThinkTemplate.class.php ç¬¬ 404 è¡Œ.
NOTIC: [8192] preg_replace(): The /e modifier is deprecated, use preg_replace_callback instead E:\phpproject\ipyue\ThinkPHP\Lib\Template\ThinkTemplate.class.php ç¬¬ 399 è¡Œ.
NOTIC: [8192] preg_replace(): The /e modifier is deprecated, use preg_replace_callback instead E:\phpproject\ipyue\ThinkPHP\Lib\Template\ThinkTemplate.class.php ç¬¬ 399 è¡Œ.
NOTIC: [8192] preg_replace(): The /e modifier is deprecated, use preg_replace_callback instead E:\phpproject\ipyue\ThinkPHP\Lib\Template\ThinkTemplate.class.php ç¬¬ 399 è¡Œ.
NOTIC: [8192] preg_replace(): The /e modifier is deprecated, use preg_replace_callback instead E:\phpproject\ipyue\ThinkPHP\Lib\Template\ThinkTemplate.class.php ç¬¬ 399 è¡Œ.
NOTIC: [8192] preg_replace(): The /e modifier is deprecated, use preg_replace_callback instead E:\phpproject\ipyue\ThinkPHP\Lib\Template\ThinkTemplate.class.php ç¬¬ 399 è¡Œ.
NOTIC: [8192] preg_replace(): The /e modifier is deprecated, use preg_replace_callback instead E:\phpproject\ipyue\ThinkPHP\Lib\Template\ThinkTemplate.class.php ç¬¬ 399 è¡Œ.
NOTIC: [8192] preg_replace(): The /e modifier is deprecated, use preg_replace_callback instead E:\phpproject\ipyue\ThinkPHP\Lib\Template\ThinkTemplate.class.php ç¬¬ 404 è¡Œ.
NOTIC: [8192] preg_replace(): The /e modifier is deprecated, use preg_replace_callback instead E:\phpproject\ipyue\ThinkPHP\Lib\Template\ThinkTemplate.class.php ç¬¬ 404 è¡Œ.
NOTIC: [8192] preg_replace(): The /e modifier is deprecated, use preg_replace_callback instead E:\phpproject\ipyue\ThinkPHP\Lib\Template\ThinkTemplate.class.php ç¬¬ 404 è¡Œ.
NOTIC: [8192] preg_replace(): The /e modifier is deprecated, use preg_replace_callback instead E:\phpproject\ipyue\ThinkPHP\Lib\Template\ThinkTemplate.class.php ç¬¬ 197 è¡Œ.
NOTIC: [8192] preg_replace(): The /e modifier is deprecated, use preg_replace_callback instead E:\phpproject\ipyue\ThinkPHP\Lib\Template\ThinkTemplate.class.php ç¬¬ 273 è¡Œ.
NOTIC: [8192] preg_replace(): The /e modifier is deprecated, use preg_replace_callback instead E:\phpproject\ipyue\ThinkPHP\Lib\Template\ThinkTemplate.class.php ç¬¬ 168 è¡Œ.
NOTIC: [8192] preg_replace(): The /e modifier is deprecated, use preg_replace_callback instead E:\phpproject\ipyue\ThinkPHP\Lib\Template\ThinkTemplate.class.php ç¬¬ 404 è¡Œ.
NOTIC: [8192] preg_replace(): The /e modifier is deprecated, use preg_replace_callback instead E:\phpproject\ipyue\ThinkPHP\Lib\Template\ThinkTemplate.class.php ç¬¬ 404 è¡Œ.
NOTIC: [8192] preg_replace(): The /e modifier is deprecated, use preg_replace_callback instead E:\phpproject\ipyue\ThinkPHP\Lib\Template\ThinkTemplate.class.php ç¬¬ 404 è¡Œ.
NOTIC: [8192] preg_replace(): The /e modifier is deprecated, use preg_replace_callback instead E:\phpproject\ipyue\ThinkPHP\Lib\Template\ThinkTemplate.class.php ç¬¬ 404 è¡Œ.
NOTIC: [8192] preg_replace(): The /e modifier is deprecated, use preg_replace_callback instead E:\phpproject\ipyue\ThinkPHP\Lib\Template\ThinkTemplate.class.php ç¬¬ 404 è¡Œ.
NOTIC: [8192] preg_replace(): The /e modifier is deprecated, use preg_replace_callback instead E:\phpproject\ipyue\ThinkPHP\Lib\Template\ThinkTemplate.class.php ç¬¬ 404 è¡Œ.
NOTIC: [8192] preg_replace(): The /e modifier is deprecated, use preg_replace_callback instead E:\phpproject\ipyue\ThinkPHP\Lib\Template\ThinkTemplate.class.php ç¬¬ 404 è¡Œ.
NOTIC: [8192] preg_replace(): The /e modifier is deprecated, use preg_replace_callback instead E:\phpproject\ipyue\ThinkPHP\Lib\Template\ThinkTemplate.class.php ç¬¬ 404 è¡Œ.
NOTIC: [8192] preg_replace(): The /e modifier is deprecated, use preg_replace_callback instead E:\phpproject\ipyue\ThinkPHP\Lib\Template\ThinkTemplate.class.php ç¬¬ 404 è¡Œ.
NOTIC: [8192] preg_replace(): The /e modifier is deprecated, use preg_replace_callback instead E:\phpproject\ipyue\ThinkPHP\Lib\Template\ThinkTemplate.class.php ç¬¬ 404 è¡Œ.
NOTIC: [8192] preg_replace(): The /e modifier is deprecated, use preg_replace_callback instead E:\phpproject\ipyue\ThinkPHP\Lib\Template\ThinkTemplate.class.php ç¬¬ 404 è¡Œ.
NOTIC: [8192] preg_replace(): The /e modifier is deprecated, use preg_replace_callback instead E:\phpproject\ipyue\ThinkPHP\Lib\Template\ThinkTemplate.class.php ç¬¬ 404 è¡Œ.
NOTIC: [8192] preg_replace(): The /e modifier is deprecated, use preg_replace_callback instead E:\phpproject\ipyue\ThinkPHP\Lib\Template\ThinkTemplate.class.php ç¬¬ 399 è¡Œ.
NOTIC: [8192] preg_replace(): The /e modifier is deprecated, use preg_replace_callback instead E:\phpproject\ipyue\ThinkPHP\Lib\Template\ThinkTemplate.class.php ç¬¬ 399 è¡Œ.
NOTIC: [8192] preg_replace(): The /e modifier is deprecated, use preg_replace_callback instead E:\phpproject\ipyue\ThinkPHP\Lib\Template\ThinkTemplate.class.php ç¬¬ 404 è¡Œ.
NOTIC: [8192] preg_replace(): The /e modifier is deprecated, use preg_replace_callback instead E:\phpproject\ipyue\ThinkPHP\Lib\Template\ThinkTemplate.class.php ç¬¬ 404 è¡Œ.
NOTIC: [8192] preg_replace(): The /e modifier is deprecated, use preg_replace_callback instead E:\phpproject\ipyue\ThinkPHP\Lib\Template\ThinkTemplate.class.php ç¬¬ 404 è¡Œ.
NOTIC: [8192] preg_replace(): The /e modifier is deprecated, use preg_replace_callback instead E:\phpproject\ipyue\ThinkPHP\Lib\Template\ThinkTemplate.class.php ç¬¬ 399 è¡Œ.
NOTIC: [8192] preg_replace(): The /e modifier is deprecated, use preg_replace_callback instead E:\phpproject\ipyue\ThinkPHP\Lib\Template\ThinkTemplate.class.php ç¬¬ 404 è¡Œ.
NOTIC: [8192] preg_replace(): The /e modifier is deprecated, use preg_replace_callback instead E:\phpproject\ipyue\ThinkPHP\Lib\Template\ThinkTemplate.class.php ç¬¬ 404 è¡Œ.
NOTIC: [8192] preg_replace(): The /e modifier is deprecated, use preg_replace_callback instead E:\phpproject\ipyue\ThinkPHP\Lib\Template\ThinkTemplate.class.php ç¬¬ 404 è¡Œ.
NOTIC: [8192] preg_replace(): The /e modifier is deprecated, use preg_replace_callback instead E:\phpproject\ipyue\ThinkPHP\Lib\Template\ThinkTemplate.class.php ç¬¬ 404 è¡Œ.
NOTIC: [8192] preg_replace(): The /e modifier is deprecated, use preg_replace_callback instead E:\phpproject\ipyue\ThinkPHP\Lib\Template\ThinkTemplate.class.php ç¬¬ 404 è¡Œ.
NOTIC: [8192] preg_replace(): The /e modifier is deprecated, use preg_replace_callback instead E:\phpproject\ipyue\ThinkPHP\Lib\Template\ThinkTemplate.class.php ç¬¬ 404 è¡Œ.
NOTIC: [8192] preg_replace(): The /e modifier is deprecated, use preg_replace_callback instead E:\phpproject\ipyue\ThinkPHP\Lib\Template\ThinkTemplate.class.php ç¬¬ 404 è¡Œ.
NOTIC: [8192] preg_replace(): The /e modifier is deprecated, use preg_replace_callback instead E:\phpproject\ipyue\ThinkPHP\Lib\Template\ThinkTemplate.class.php ç¬¬ 404 è¡Œ.
NOTIC: [8192] preg_replace(): The /e modifier is deprecated, use preg_replace_callback instead E:\phpproject\ipyue\ThinkPHP\Lib\Template\ThinkTemplate.class.php ç¬¬ 404 è¡Œ.
NOTIC: [8192] preg_replace(): The /e modifier is deprecated, use preg_replace_callback instead E:\phpproject\ipyue\ThinkPHP\Lib\Template\ThinkTemplate.class.php ç¬¬ 404 è¡Œ.
NOTIC: [8192] preg_replace(): The /e modifier is deprecated, use preg_replace_callback instead E:\phpproject\ipyue\ThinkPHP\Lib\Template\ThinkTemplate.class.php ç¬¬ 404 è¡Œ.
NOTIC: [8192] preg_replace(): The /e modifier is deprecated, use preg_replace_callback instead E:\phpproject\ipyue\ThinkPHP\Lib\Template\ThinkTemplate.class.php ç¬¬ 404 è¡Œ.
NOTIC: [8192] preg_replace(): The /e modifier is deprecated, use preg_replace_callback instead E:\phpproject\ipyue\ThinkPHP\Lib\Template\ThinkTemplate.class.php ç¬¬ 404 è¡Œ.
NOTIC: [8192] preg_replace(): The /e modifier is deprecated, use preg_replace_callback instead E:\phpproject\ipyue\ThinkPHP\Lib\Template\ThinkTemplate.class.php ç¬¬ 404 è¡Œ.
NOTIC: [8192] preg_replace(): The /e modifier is deprecated, use preg_replace_callback instead E:\phpproject\ipyue\ThinkPHP\Lib\Template\ThinkTemplate.class.php ç¬¬ 404 è¡Œ.
NOTIC: [8192] preg_replace(): The /e modifier is deprecated, use preg_replace_callback instead E:\phpproject\ipyue\ThinkPHP\Lib\Template\ThinkTemplate.class.php ç¬¬ 404 è¡Œ.
NOTIC: [8192] preg_replace(): The /e modifier is deprecated, use preg_replace_callback instead E:\phpproject\ipyue\ThinkPHP\Lib\Template\ThinkTemplate.class.php ç¬¬ 404 è¡Œ.
NOTIC: [8192] preg_replace(): The /e modifier is deprecated, use preg_replace_callback instead E:\phpproject\ipyue\ThinkPHP\Lib\Template\ThinkTemplate.class.php ç¬¬ 404 è¡Œ.
NOTIC: [8192] preg_replace(): The /e modifier is deprecated, use preg_replace_callback instead E:\phpproject\ipyue\ThinkPHP\Lib\Template\ThinkTemplate.class.php ç¬¬ 404 è¡Œ.
NOTIC: [8192] preg_replace(): The /e modifier is deprecated, use preg_replace_callback instead E:\phpproject\ipyue\ThinkPHP\Lib\Template\ThinkTemplate.class.php ç¬¬ 404 è¡Œ.
NOTIC: [8192] preg_replace(): The /e modifier is deprecated, use preg_replace_callback instead E:\phpproject\ipyue\ThinkPHP\Lib\Template\ThinkTemplate.class.php ç¬¬ 404 è¡Œ.
NOTIC: [8192] preg_replace(): The /e modifier is deprecated, use preg_replace_callback instead E:\phpproject\ipyue\ThinkPHP\Lib\Template\ThinkTemplate.class.php ç¬¬ 404 è¡Œ.
NOTIC: [8192] preg_replace(): The /e modifier is deprecated, use preg_replace_callback instead E:\phpproject\ipyue\ThinkPHP\Lib\Template\ThinkTemplate.class.php ç¬¬ 404 è¡Œ.
NOTIC: [8192] preg_replace(): The /e modifier is deprecated, use preg_replace_callback instead E:\phpproject\ipyue\ThinkPHP\Lib\Template\ThinkTemplate.class.php ç¬¬ 404 è¡Œ.
NOTIC: [8192] preg_replace(): The /e modifier is deprecated, use preg_replace_callback instead E:\phpproject\ipyue\ThinkPHP\Lib\Template\ThinkTemplate.class.php ç¬¬ 404 è¡Œ.
NOTIC: [8192] preg_replace(): The /e modifier is deprecated, use preg_replace_callback instead E:\phpproject\ipyue\ThinkPHP\Lib\Template\ThinkTemplate.class.php ç¬¬ 404 è¡Œ.
NOTIC: [8192] preg_replace(): The /e modifier is deprecated, use preg_replace_callback instead E:\phpproject\ipyue\ThinkPHP\Lib\Template\ThinkTemplate.class.php ç¬¬ 404 è¡Œ.
NOTIC: [8192] preg_replace(): The /e modifier is deprecated, use preg_replace_callback instead E:\phpproject\ipyue\ThinkPHP\Lib\Template\ThinkTemplate.class.php ç¬¬ 404 è¡Œ.
NOTIC: [8192] preg_replace(): The /e modifier is deprecated, use preg_replace_callback instead E:\phpproject\ipyue\ThinkPHP\Lib\Template\ThinkTemplate.class.php ç¬¬ 404 è¡Œ.
NOTIC: [8192] preg_replace(): The /e modifier is deprecated, use preg_replace_callback instead E:\phpproject\ipyue\ThinkPHP\Lib\Template\ThinkTemplate.class.php ç¬¬ 404 è¡Œ.
NOTIC: [8192] preg_replace(): The /e modifier is deprecated, use preg_replace_callback instead E:\phpproject\ipyue\ThinkPHP\Lib\Template\ThinkTemplate.class.php ç¬¬ 404 è¡Œ.
NOTIC: [8192] preg_replace(): The /e modifier is deprecated, use preg_replace_callback instead E:\phpproject\ipyue\ThinkPHP\Lib\Template\ThinkTemplate.class.php ç¬¬ 404 è¡Œ.
NOTIC: [8192] preg_replace(): The /e modifier is deprecated, use preg_replace_callback instead E:\phpproject\ipyue\ThinkPHP\Lib\Template\ThinkTemplate.class.php ç¬¬ 404 è¡Œ.
NOTIC: [8192] preg_replace(): The /e modifier is deprecated, use preg_replace_callback instead E:\phpproject\ipyue\ThinkPHP\Lib\Template\ThinkTemplate.class.php ç¬¬ 404 è¡Œ.
NOTIC: [8192] preg_replace(): The /e modifier is deprecated, use preg_replace_callback instead E:\phpproject\ipyue\ThinkPHP\Lib\Template\ThinkTemplate.class.php ç¬¬ 404 è¡Œ.
NOTIC: [8192] preg_replace(): The /e modifier is deprecated, use preg_replace_callback instead E:\phpproject\ipyue\ThinkPHP\Lib\Template\ThinkTemplate.class.php ç¬¬ 404 è¡Œ.
NOTIC: [8192] preg_replace(): The /e modifier is deprecated, use preg_replace_callback instead E:\phpproject\ipyue\ThinkPHP\Lib\Template\ThinkTemplate.class.php ç¬¬ 404 è¡Œ.
NOTIC: [8192] preg_replace(): The /e modifier is deprecated, use preg_replace_callback instead E:\phpproject\ipyue\ThinkPHP\Lib\Template\ThinkTemplate.class.php ç¬¬ 404 è¡Œ.
NOTIC: [8192] preg_replace(): The /e modifier is deprecated, use preg_replace_callback instead E:\phpproject\ipyue\ThinkPHP\Lib\Template\ThinkTemplate.class.php ç¬¬ 404 è¡Œ.
NOTIC: [8192] preg_replace(): The /e modifier is deprecated, use preg_replace_callback instead E:\phpproject\ipyue\ThinkPHP\Lib\Template\ThinkTemplate.class.php ç¬¬ 404 è¡Œ.
NOTIC: [8192] preg_replace(): The /e modifier is deprecated, use preg_replace_callback instead E:\phpproject\ipyue\ThinkPHP\Lib\Template\ThinkTemplate.class.php ç¬¬ 404 è¡Œ.
NOTIC: [8192] preg_replace(): The /e modifier is deprecated, use preg_replace_callback instead E:\phpproject\ipyue\ThinkPHP\Lib\Template\ThinkTemplate.class.php ç¬¬ 404 è¡Œ.
NOTIC: [8192] preg_replace(): The /e modifier is deprecated, use preg_replace_callback instead E:\phpproject\ipyue\ThinkPHP\Lib\Template\ThinkTemplate.class.php ç¬¬ 404 è¡Œ.
NOTIC: [8192] preg_replace(): The /e modifier is deprecated, use preg_replace_callback instead E:\phpproject\ipyue\ThinkPHP\Lib\Template\ThinkTemplate.class.php ç¬¬ 404 è¡Œ.
NOTIC: [8192] preg_replace(): The /e modifier is deprecated, use preg_replace_callback instead E:\phpproject\ipyue\ThinkPHP\Lib\Template\ThinkTemplate.class.php ç¬¬ 404 è¡Œ.
NOTIC: [8192] preg_replace(): The /e modifier is deprecated, use preg_replace_callback instead E:\phpproject\ipyue\ThinkPHP\Lib\Template\ThinkTemplate.class.php ç¬¬ 404 è¡Œ.
NOTIC: [8192] preg_replace(): The /e modifier is deprecated, use preg_replace_callback instead E:\phpproject\ipyue\ThinkPHP\Lib\Template\ThinkTemplate.class.php ç¬¬ 404 è¡Œ.
NOTIC: [8192] preg_replace(): The /e modifier is deprecated, use preg_replace_callback instead E:\phpproject\ipyue\ThinkPHP\Lib\Template\ThinkTemplate.class.php ç¬¬ 404 è¡Œ.
NOTIC: [8192] preg_replace(): The /e modifier is deprecated, use preg_replace_callback instead E:\phpproject\ipyue\ThinkPHP\Lib\Template\ThinkTemplate.class.php ç¬¬ 404 è¡Œ.
NOTIC: [8192] preg_replace(): The /e modifier is deprecated, use preg_replace_callback instead E:\phpproject\ipyue\ThinkPHP\Lib\Template\ThinkTemplate.class.php ç¬¬ 404 è¡Œ.
NOTIC: [8192] preg_replace(): The /e modifier is deprecated, use preg_replace_callback instead E:\phpproject\ipyue\ThinkPHP\Lib\Template\ThinkTemplate.class.php ç¬¬ 404 è¡Œ.
NOTIC: [8192] preg_replace(): The /e modifier is deprecated, use preg_replace_callback instead E:\phpproject\ipyue\ThinkPHP\Lib\Template\ThinkTemplate.class.php ç¬¬ 404 è¡Œ.
NOTIC: [8192] preg_replace(): The /e modifier is deprecated, use preg_replace_callback instead E:\phpproject\ipyue\ThinkPHP\Lib\Template\ThinkTemplate.class.php ç¬¬ 404 è¡Œ.
NOTIC: [8192] preg_replace(): The /e modifier is deprecated, use preg_replace_callback instead E:\phpproject\ipyue\ThinkPHP\Lib\Template\ThinkTemplate.class.php ç¬¬ 404 è¡Œ.
NOTIC: [8192] preg_replace(): The /e modifier is deprecated, use preg_replace_callback instead E:\phpproject\ipyue\ThinkPHP\Lib\Template\ThinkTemplate.class.php ç¬¬ 404 è¡Œ.
NOTIC: [8192] preg_replace(): The /e modifier is deprecated, use preg_replace_callback instead E:\phpproject\ipyue\ThinkPHP\Lib\Template\ThinkTemplate.class.php ç¬¬ 404 è¡Œ.
NOTIC: [8192] preg_replace(): The /e modifier is deprecated, use preg_replace_callback instead E:\phpproject\ipyue\ThinkPHP\Lib\Template\ThinkTemplate.class.php ç¬¬ 404 è¡Œ.
NOTIC: [8192] preg_replace(): The /e modifier is deprecated, use preg_replace_callback instead E:\phpproject\ipyue\ThinkPHP\Lib\Template\ThinkTemplate.class.php ç¬¬ 404 è¡Œ.
NOTIC: [8192] preg_replace(): The /e modifier is deprecated, use preg_replace_callback instead E:\phpproject\ipyue\ThinkPHP\Lib\Template\ThinkTemplate.class.php ç¬¬ 404 è¡Œ.
NOTIC: [8192] preg_replace(): The /e modifier is deprecated, use preg_replace_callback instead E:\phpproject\ipyue\ThinkPHP\Lib\Template\ThinkTemplate.class.php ç¬¬ 404 è¡Œ.
NOTIC: [8192] preg_replace(): The /e modifier is deprecated, use preg_replace_callback instead E:\phpproject\ipyue\ThinkPHP\Lib\Template\ThinkTemplate.class.php ç¬¬ 404 è¡Œ.
NOTIC: [8192] preg_replace(): The /e modifier is deprecated, use preg_replace_callback instead E:\phpproject\ipyue\ThinkPHP\Lib\Template\ThinkTemplate.class.php ç¬¬ 404 è¡Œ.
NOTIC: [8192] preg_replace(): The /e modifier is deprecated, use preg_replace_callback instead E:\phpproject\ipyue\ThinkPHP\Lib\Template\ThinkTemplate.class.php ç¬¬ 404 è¡Œ.
NOTIC: [8192] preg_replace(): The /e modifier is deprecated, use preg_replace_callback instead E:\phpproject\ipyue\ThinkPHP\Lib\Template\ThinkTemplate.class.php ç¬¬ 404 è¡Œ.
NOTIC: [8192] preg_replace(): The /e modifier is deprecated, use preg_replace_callback instead E:\phpproject\ipyue\ThinkPHP\Lib\Template\ThinkTemplate.class.php ç¬¬ 404 è¡Œ.
NOTIC: [8192] preg_replace(): The /e modifier is deprecated, use preg_replace_callback instead E:\phpproject\ipyue\ThinkPHP\Lib\Template\ThinkTemplate.class.php ç¬¬ 404 è¡Œ.
NOTIC: [8192] preg_replace(): The /e modifier is deprecated, use preg_replace_callback instead E:\phpproject\ipyue\ThinkPHP\Lib\Template\ThinkTemplate.class.php ç¬¬ 399 è¡Œ.
NOTIC: [8192] preg_replace(): The /e modifier is deprecated, use preg_replace_callback instead E:\phpproject\ipyue\ThinkPHP\Lib\Template\ThinkTemplate.class.php ç¬¬ 399 è¡Œ.
NOTIC: [8192] preg_replace(): The /e modifier is deprecated, use preg_replace_callback instead E:\phpproject\ipyue\ThinkPHP\Lib\Template\ThinkTemplate.class.php ç¬¬ 399 è¡Œ.
NOTIC: [8192] preg_replace(): The /e modifier is deprecated, use preg_replace_callback instead E:\phpproject\ipyue\ThinkPHP\Lib\Template\ThinkTemplate.class.php ç¬¬ 399 è¡Œ.
NOTIC: [8192] preg_replace(): The /e modifier is deprecated, use preg_replace_callback instead E:\phpproject\ipyue\ThinkPHP\Lib\Template\ThinkTemplate.class.php ç¬¬ 399 è¡Œ.
NOTIC: [8192] preg_replace(): The /e modifier is deprecated, use preg_replace_callback instead E:\phpproject\ipyue\ThinkPHP\Lib\Template\ThinkTemplate.class.php ç¬¬ 399 è¡Œ.
NOTIC: [8192] preg_replace(): The /e modifier is deprecated, use preg_replace_callback instead E:\phpproject\ipyue\ThinkPHP\Lib\Template\ThinkTemplate.class.php ç¬¬ 404 è¡Œ.
NOTIC: [8192] preg_replace(): The /e modifier is deprecated, use preg_replace_callback instead E:\phpproject\ipyue\ThinkPHP\Lib\Template\ThinkTemplate.class.php ç¬¬ 404 è¡Œ.
NOTIC: [8192] preg_replace(): The /e modifier is deprecated, use preg_replace_callback instead E:\phpproject\ipyue\ThinkPHP\Lib\Template\ThinkTemplate.class.php ç¬¬ 404 è¡Œ.
NOTIC: [8192] preg_replace(): The /e modifier is deprecated, use preg_replace_callback instead E:\phpproject\ipyue\ThinkPHP\Lib\Template\ThinkTemplate.class.php ç¬¬ 197 è¡Œ.
NOTIC: [8192] preg_replace(): The /e modifier is deprecated, use preg_replace_callback instead E:\phpproject\ipyue\ThinkPHP\Lib\Template\ThinkTemplate.class.php ç¬¬ 273 è¡Œ.
NOTIC: [8192] preg_replace(): The /e modifier is deprecated, use preg_replace_callback instead E:\phpproject\ipyue\ThinkPHP\Lib\Template\ThinkTemplate.class.php ç¬¬ 168 è¡Œ.
NOTIC: [8192] preg_replace(): The /e modifier is deprecated, use preg_replace_callback instead E:\phpproject\ipyue\ThinkPHP\Lib\Template\ThinkTemplate.class.php ç¬¬ 404 è¡Œ.
NOTIC: [8192] preg_replace(): The /e modifier is deprecated, use preg_replace_callback instead E:\phpproject\ipyue\ThinkPHP\Lib\Template\ThinkTemplate.class.php ç¬¬ 404 è¡Œ.
NOTIC: [8192] preg_replace(): The /e modifier is deprecated, use preg_replace_callback instead E:\phpproject\ipyue\ThinkPHP\Lib\Template\ThinkTemplate.class.php ç¬¬ 404 è¡Œ.
NOTIC: [8192] preg_replace(): The /e modifier is deprecated, use preg_replace_callback instead E:\phpproject\ipyue\ThinkPHP\Lib\Template\ThinkTemplate.class.php ç¬¬ 404 è¡Œ.
NOTIC: [8192] preg_replace(): The /e modifier is deprecated, use preg_replace_callback instead E:\phpproject\ipyue\ThinkPHP\Lib\Template\ThinkTemplate.class.php ç¬¬ 404 è¡Œ.
NOTIC: [8192] preg_replace(): The /e modifier is deprecated, use preg_replace_callback instead E:\phpproject\ipyue\ThinkPHP\Lib\Template\ThinkTemplate.class.php ç¬¬ 404 è¡Œ.
NOTIC: [8192] preg_replace(): The /e modifier is deprecated, use preg_replace_callback instead E:\phpproject\ipyue\ThinkPHP\Lib\Template\ThinkTemplate.class.php ç¬¬ 404 è¡Œ.
NOTIC: [8192] preg_replace(): The /e modifier is deprecated, use preg_replace_callback instead E:\phpproject\ipyue\ThinkPHP\Lib\Template\ThinkTemplate.class.php ç¬¬ 404 è¡Œ.
NOTIC: [8192] preg_replace(): The /e modifier is deprecated, use preg_replace_callback instead E:\phpproject\ipyue\ThinkPHP\Lib\Template\ThinkTemplate.class.php ç¬¬ 404 è¡Œ.
NOTIC: [8192] preg_replace(): The /e modifier is deprecated, use preg_replace_callback instead E:\phpproject\ipyue\ThinkPHP\Lib\Template\ThinkTemplate.class.php ç¬¬ 404 è¡Œ.
NOTIC: [8192] preg_replace(): The /e modifier is deprecated, use preg_replace_callback instead E:\phpproject\ipyue\ThinkPHP\Lib\Template\ThinkTemplate.class.php ç¬¬ 404 è¡Œ.
NOTIC: [8192] preg_replace(): The /e modifier is deprecated, use preg_replace_callback instead E:\phpproject\ipyue\ThinkPHP\Lib\Template\ThinkTemplate.class.php ç¬¬ 404 è¡Œ.
NOTIC: [8192] preg_replace(): The /e modifier is deprecated, use preg_replace_callback instead E:\phpproject\ipyue\ThinkPHP\Lib\Template\ThinkTemplate.class.php ç¬¬ 399 è¡Œ.
NOTIC: [8192] preg_replace(): The /e modifier is deprecated, use preg_replace_callback instead E:\phpproject\ipyue\ThinkPHP\Lib\Template\ThinkTemplate.class.php ç¬¬ 399 è¡Œ.
NOTIC: [8192] preg_replace(): The /e modifier is deprecated, use preg_replace_callback instead E:\phpproject\ipyue\ThinkPHP\Lib\Template\ThinkTemplate.class.php ç¬¬ 404 è¡Œ.
NOTIC: [8192] preg_replace(): The /e modifier is deprecated, use preg_replace_callback instead E:\phpproject\ipyue\ThinkPHP\Lib\Template\ThinkTemplate.class.php ç¬¬ 404 è¡Œ.
NOTIC: [8192] preg_replace(): The /e modifier is deprecated, use preg_replace_callback instead E:\phpproject\ipyue\ThinkPHP\Lib\Template\ThinkTemplate.class.php ç¬¬ 404 è¡Œ.
NOTIC: [8192] preg_replace(): The /e modifier is deprecated, use preg_replace_callback instead E:\phpproject\ipyue\ThinkPHP\Lib\Template\ThinkTemplate.class.php ç¬¬ 399 è¡Œ.
NOTIC: [8192] preg_replace(): The /e modifier is deprecated, use preg_replace_callback instead E:\phpproject\ipyue\ThinkPHP\Lib\Template\ThinkTemplate.class.php ç¬¬ 404 è¡Œ.
NOTIC: [8192] preg_replace(): The /e modifier is deprecated, use preg_replace_callback instead E:\phpproject\ipyue\ThinkPHP\Lib\Template\ThinkTemplate.class.php ç¬¬ 404 è¡Œ.
NOTIC: [8192] preg_replace(): The /e modifier is deprecated, use preg_replace_callback instead E:\phpproject\ipyue\ThinkPHP\Lib\Template\ThinkTemplate.class.php ç¬¬ 404 è¡Œ.
NOTIC: [8192] preg_replace(): The /e modifier is deprecated, use preg_replace_callback instead E:\phpproject\ipyue\ThinkPHP\Lib\Template\ThinkTemplate.class.php ç¬¬ 404 è¡Œ.
NOTIC: [8192] preg_replace(): The /e modifier is deprecated, use preg_replace_callback instead E:\phpproject\ipyue\ThinkPHP\Lib\Template\ThinkTemplate.class.php ç¬¬ 404 è¡Œ.
NOTIC: [8192] preg_replace(): The /e modifier is deprecated, use preg_replace_callback instead E:\phpproject\ipyue\ThinkPHP\Lib\Template\ThinkTemplate.class.php ç¬¬ 404 è¡Œ.
NOTIC: [8192] preg_replace(): The /e modifier is deprecated, use preg_replace_callback instead E:\phpproject\ipyue\ThinkPHP\Lib\Template\ThinkTemplate.class.php ç¬¬ 404 è¡Œ.
NOTIC: [8192] preg_replace(): The /e modifier is deprecated, use preg_replace_callback instead E:\phpproject\ipyue\ThinkPHP\Lib\Template\ThinkTemplate.class.php ç¬¬ 404 è¡Œ.
NOTIC: [8192] preg_replace(): The /e modifier is deprecated, use preg_replace_callback instead E:\phpproject\ipyue\ThinkPHP\Lib\Template\ThinkTemplate.class.php ç¬¬ 404 è¡Œ.
NOTIC: [8192] preg_replace(): The /e modifier is deprecated, use preg_replace_callback instead E:\phpproject\ipyue\ThinkPHP\Lib\Template\ThinkTemplate.class.php ç¬¬ 404 è¡Œ.
NOTIC: [8192] preg_replace(): The /e modifier is deprecated, use preg_replace_callback instead E:\phpproject\ipyue\ThinkPHP\Lib\Template\ThinkTemplate.class.php ç¬¬ 404 è¡Œ.
NOTIC: [8192] preg_replace(): The /e modifier is deprecated, use preg_replace_callback instead E:\phpproject\ipyue\ThinkPHP\Lib\Template\ThinkTemplate.class.php ç¬¬ 404 è¡Œ.
NOTIC: [8192] preg_replace(): The /e modifier is deprecated, use preg_replace_callback instead E:\phpproject\ipyue\ThinkPHP\Lib\Template\ThinkTemplate.class.php ç¬¬ 404 è¡Œ.
NOTIC: [8192] preg_replace(): The /e modifier is deprecated, use preg_replace_callback instead E:\phpproject\ipyue\ThinkPHP\Lib\Template\ThinkTemplate.class.php ç¬¬ 404 è¡Œ.
NOTIC: [8192] preg_replace(): The /e modifier is deprecated, use preg_replace_callback instead E:\phpproject\ipyue\ThinkPHP\Lib\Template\ThinkTemplate.class.php ç¬¬ 404 è¡Œ.
NOTIC: [8192] preg_replace(): The /e modifier is deprecated, use preg_replace_callback instead E:\phpproject\ipyue\ThinkPHP\Lib\Template\ThinkTemplate.class.php ç¬¬ 404 è¡Œ.
NOTIC: [8192] preg_replace(): The /e modifier is deprecated, use preg_replace_callback instead E:\phpproject\ipyue\ThinkPHP\Lib\Template\ThinkTemplate.class.php ç¬¬ 404 è¡Œ.
NOTIC: [8192] preg_replace(): The /e modifier is deprecated, use preg_replace_callback instead E:\phpproject\ipyue\ThinkPHP\Lib\Template\ThinkTemplate.class.php ç¬¬ 404 è¡Œ.
NOTIC: [8192] preg_replace(): The /e modifier is deprecated, use preg_replace_callback instead E:\phpproject\ipyue\ThinkPHP\Lib\Template\ThinkTemplate.class.php ç¬¬ 404 è¡Œ.
NOTIC: [8192] preg_replace(): The /e modifier is deprecated, use preg_replace_callback instead E:\phpproject\ipyue\ThinkPHP\Lib\Template\ThinkTemplate.class.php ç¬¬ 404 è¡Œ.
NOTIC: [8192] preg_replace(): The /e modifier is deprecated, use preg_replace_callback instead E:\phpproject\ipyue\ThinkPHP\Lib\Template\ThinkTemplate.class.php ç¬¬ 404 è¡Œ.
NOTIC: [8192] preg_replace(): The /e modifier is deprecated, use preg_replace_callback instead E:\phpproject\ipyue\ThinkPHP\Lib\Template\ThinkTemplate.class.php ç¬¬ 404 è¡Œ.
NOTIC: [8192] preg_replace(): The /e modifier is deprecated, use preg_replace_callback instead E:\phpproject\ipyue\ThinkPHP\Lib\Template\ThinkTemplate.class.php ç¬¬ 404 è¡Œ.
NOTIC: [8192] preg_replace(): The /e modifier is deprecated, use preg_replace_callback instead E:\phpproject\ipyue\ThinkPHP\Lib\Template\ThinkTemplate.class.php ç¬¬ 404 è¡Œ.
NOTIC: [8192] preg_replace(): The /e modifier is deprecated, use preg_replace_callback instead E:\phpproject\ipyue\ThinkPHP\Lib\Template\ThinkTemplate.class.php ç¬¬ 404 è¡Œ.
NOTIC: [8192] preg_replace(): The /e modifier is deprecated, use preg_replace_callback instead E:\phpproject\ipyue\ThinkPHP\Lib\Template\ThinkTemplate.class.php ç¬¬ 404 è¡Œ.
NOTIC: [8192] preg_replace(): The /e modifier is deprecated, use preg_replace_callback instead E:\phpproject\ipyue\ThinkPHP\Lib\Template\ThinkTemplate.class.php ç¬¬ 404 è¡Œ.
NOTIC: [8192] preg_replace(): The /e modifier is deprecated, use preg_replace_callback instead E:\phpproject\ipyue\ThinkPHP\Lib\Template\ThinkTemplate.class.php ç¬¬ 404 è¡Œ.
NOTIC: [8192] preg_replace(): The /e modifier is deprecated, use preg_replace_callback instead E:\phpproject\ipyue\ThinkPHP\Lib\Template\ThinkTemplate.class.php ç¬¬ 404 è¡Œ.
NOTIC: [8192] preg_replace(): The /e modifier is deprecated, use preg_replace_callback instead E:\phpproject\ipyue\ThinkPHP\Lib\Template\ThinkTemplate.class.php ç¬¬ 404 è¡Œ.
NOTIC: [8192] preg_replace(): The /e modifier is deprecated, use preg_replace_callback instead E:\phpproject\ipyue\ThinkPHP\Lib\Template\ThinkTemplate.class.php ç¬¬ 404 è¡Œ.
NOTIC: [8192] preg_replace(): The /e modifier is deprecated, use preg_replace_callback instead E:\phpproject\ipyue\ThinkPHP\Lib\Template\ThinkTemplate.class.php ç¬¬ 404 è¡Œ.
NOTIC: [8192] preg_replace(): The /e modifier is deprecated, use preg_replace_callback instead E:\phpproject\ipyue\ThinkPHP\Lib\Template\ThinkTemplate.class.php ç¬¬ 404 è¡Œ.
NOTIC: [8192] preg_replace(): The /e modifier is deprecated, use preg_replace_callback instead E:\phpproject\ipyue\ThinkPHP\Lib\Template\ThinkTemplate.class.php ç¬¬ 404 è¡Œ.
NOTIC: [8192] preg_replace(): The /e modifier is deprecated, use preg_replace_callback instead E:\phpproject\ipyue\ThinkPHP\Lib\Template\ThinkTemplate.class.php ç¬¬ 404 è¡Œ.
NOTIC: [8192] preg_replace(): The /e modifier is deprecated, use preg_replace_callback instead E:\phpproject\ipyue\ThinkPHP\Lib\Template\ThinkTemplate.class.php ç¬¬ 404 è¡Œ.
NOTIC: [8192] preg_replace(): The /e modifier is deprecated, use preg_replace_callback instead E:\phpproject\ipyue\ThinkPHP\Lib\Template\ThinkTemplate.class.php ç¬¬ 404 è¡Œ.
NOTIC: [8192] preg_replace(): The /e modifier is deprecated, use preg_replace_callback instead E:\phpproject\ipyue\ThinkPHP\Lib\Template\ThinkTemplate.class.php ç¬¬ 404 è¡Œ.
NOTIC: [8192] preg_replace(): The /e modifier is deprecated, use preg_replace_callback instead E:\phpproject\ipyue\ThinkPHP\Lib\Template\ThinkTemplate.class.php ç¬¬ 404 è¡Œ.
NOTIC: [8192] preg_replace(): The /e modifier is deprecated, use preg_replace_callback instead E:\phpproject\ipyue\ThinkPHP\Lib\Template\ThinkTemplate.class.php ç¬¬ 404 è¡Œ.
NOTIC: [8192] preg_replace(): The /e modifier is deprecated, use preg_replace_callback instead E:\phpproject\ipyue\ThinkPHP\Lib\Template\ThinkTemplate.class.php ç¬¬ 404 è¡Œ.
NOTIC: [8192] preg_replace(): The /e modifier is deprecated, use preg_replace_callback instead E:\phpproject\ipyue\ThinkPHP\Lib\Template\ThinkTemplate.class.php ç¬¬ 404 è¡Œ.
NOTIC: [8192] preg_replace(): The /e modifier is deprecated, use preg_replace_callback instead E:\phpproject\ipyue\ThinkPHP\Lib\Template\ThinkTemplate.class.php ç¬¬ 404 è¡Œ.
NOTIC: [8192] preg_replace(): The /e modifier is deprecated, use preg_replace_callback instead E:\phpproject\ipyue\ThinkPHP\Lib\Template\ThinkTemplate.class.php ç¬¬ 404 è¡Œ.
NOTIC: [8192] preg_replace(): The /e modifier is deprecated, use preg_replace_callback instead E:\phpproject\ipyue\ThinkPHP\Lib\Template\ThinkTemplate.class.php ç¬¬ 404 è¡Œ.
NOTIC: [8192] preg_replace(): The /e modifier is deprecated, use preg_replace_callback instead E:\phpproject\ipyue\ThinkPHP\Lib\Template\ThinkTemplate.class.php ç¬¬ 404 è¡Œ.
NOTIC: [8192] preg_replace(): The /e modifier is deprecated, use preg_replace_callback instead E:\phpproject\ipyue\ThinkPHP\Lib\Template\ThinkTemplate.class.php ç¬¬ 404 è¡Œ.
NOTIC: [8192] preg_replace(): The /e modifier is deprecated, use preg_replace_callback instead E:\phpproject\ipyue\ThinkPHP\Lib\Template\ThinkTemplate.class.php ç¬¬ 404 è¡Œ.
NOTIC: [8192] preg_replace(): The /e modifier is deprecated, use preg_replace_callback instead E:\phpproject\ipyue\ThinkPHP\Lib\Template\ThinkTemplate.class.php ç¬¬ 404 è¡Œ.
NOTIC: [8192] preg_replace(): The /e modifier is deprecated, use preg_replace_callback instead E:\phpproject\ipyue\ThinkPHP\Lib\Template\ThinkTemplate.class.php ç¬¬ 404 è¡Œ.
NOTIC: [8192] preg_replace(): The /e modifier is deprecated, use preg_replace_callback instead E:\phpproject\ipyue\ThinkPHP\Lib\Template\ThinkTemplate.class.php ç¬¬ 404 è¡Œ.
NOTIC: [8192] preg_replace(): The /e modifier is deprecated, use preg_replace_callback instead E:\phpproject\ipyue\ThinkPHP\Lib\Template\ThinkTemplate.class.php ç¬¬ 404 è¡Œ.
NOTIC: [8192] preg_replace(): The /e modifier is deprecated, use preg_replace_callback instead E:\phpproject\ipyue\ThinkPHP\Lib\Template\ThinkTemplate.class.php ç¬¬ 404 è¡Œ.
NOTIC: [8192] preg_replace(): The /e modifier is deprecated, use preg_replace_callback instead E:\phpproject\ipyue\ThinkPHP\Lib\Template\ThinkTemplate.class.php ç¬¬ 404 è¡Œ.
NOTIC: [8192] preg_replace(): The /e modifier is deprecated, use preg_replace_callback instead E:\phpproject\ipyue\ThinkPHP\Lib\Template\ThinkTemplate.class.php ç¬¬ 404 è¡Œ.
NOTIC: [8192] preg_replace(): The /e modifier is deprecated, use preg_replace_callback instead E:\phpproject\ipyue\ThinkPHP\Lib\Template\ThinkTemplate.class.php ç¬¬ 404 è¡Œ.
NOTIC: [8192] preg_replace(): The /e modifier is deprecated, use preg_replace_callback instead E:\phpproject\ipyue\ThinkPHP\Lib\Template\ThinkTemplate.class.php ç¬¬ 404 è¡Œ.
NOTIC: [8192] preg_replace(): The /e modifier is deprecated, use preg_replace_callback instead E:\phpproject\ipyue\ThinkPHP\Lib\Template\ThinkTemplate.class.php ç¬¬ 404 è¡Œ.
NOTIC: [8192] preg_replace(): The /e modifier is deprecated, use preg_replace_callback instead E:\phpproject\ipyue\ThinkPHP\Lib\Template\ThinkTemplate.class.php ç¬¬ 404 è¡Œ.
NOTIC: [8192] preg_replace(): The /e modifier is deprecated, use preg_replace_callback instead E:\phpproject\ipyue\ThinkPHP\Lib\Template\ThinkTemplate.class.php ç¬¬ 404 è¡Œ.
NOTIC: [8192] preg_replace(): The /e modifier is deprecated, use preg_replace_callback instead E:\phpproject\ipyue\ThinkPHP\Lib\Template\ThinkTemplate.class.php ç¬¬ 404 è¡Œ.
NOTIC: [8192] preg_replace(): The /e modifier is deprecated, use preg_replace_callback instead E:\phpproject\ipyue\ThinkPHP\Lib\Template\ThinkTemplate.class.php ç¬¬ 404 è¡Œ.
NOTIC: [8192] preg_replace(): The /e modifier is deprecated, use preg_replace_callback instead E:\phpproject\ipyue\ThinkPHP\Lib\Template\ThinkTemplate.class.php ç¬¬ 404 è¡Œ.
NOTIC: [8192] preg_replace(): The /e modifier is deprecated, use preg_replace_callback instead E:\phpproject\ipyue\ThinkPHP\Lib\Template\ThinkTemplate.class.php ç¬¬ 404 è¡Œ.
NOTIC: [8192] preg_replace(): The /e modifier is deprecated, use preg_replace_callback instead E:\phpproject\ipyue\ThinkPHP\Lib\Template\ThinkTemplate.class.php ç¬¬ 404 è¡Œ.
NOTIC: [8192] preg_replace(): The /e modifier is deprecated, use preg_replace_callback instead E:\phpproject\ipyue\ThinkPHP\Lib\Template\ThinkTemplate.class.php ç¬¬ 404 è¡Œ.
NOTIC: [8192] preg_replace(): The /e modifier is deprecated, use preg_replace_callback instead E:\phpproject\ipyue\ThinkPHP\Lib\Template\ThinkTemplate.class.php ç¬¬ 399 è¡Œ.
NOTIC: [8192] preg_replace(): The /e modifier is deprecated, use preg_replace_callback instead E:\phpproject\ipyue\ThinkPHP\Lib\Template\ThinkTemplate.class.php ç¬¬ 399 è¡Œ.
NOTIC: [8192] preg_replace(): The /e modifier is deprecated, use preg_replace_callback instead E:\phpproject\ipyue\ThinkPHP\Lib\Template\ThinkTemplate.class.php ç¬¬ 399 è¡Œ.
NOTIC: [8192] preg_replace(): The /e modifier is deprecated, use preg_replace_callback instead E:\phpproject\ipyue\ThinkPHP\Lib\Template\ThinkTemplate.class.php ç¬¬ 399 è¡Œ.
NOTIC: [8192] preg_replace(): The /e modifier is deprecated, use preg_replace_callback instead E:\phpproject\ipyue\ThinkPHP\Lib\Template\ThinkTemplate.class.php ç¬¬ 399 è¡Œ.
NOTIC: [8192] preg_replace(): The /e modifier is deprecated, use preg_replace_callback instead E:\phpproject\ipyue\ThinkPHP\Lib\Template\ThinkTemplate.class.php ç¬¬ 399 è¡Œ.
NOTIC: [8192] preg_replace(): The /e modifier is deprecated, use preg_replace_callback instead E:\phpproject\ipyue\ThinkPHP\Lib\Template\ThinkTemplate.class.php ç¬¬ 404 è¡Œ.
NOTIC: [8192] preg_replace(): The /e modifier is deprecated, use preg_replace_callback instead E:\phpproject\ipyue\ThinkPHP\Lib\Template\ThinkTemplate.class.php ç¬¬ 404 è¡Œ.
NOTIC: [8192] preg_replace(): The /e modifier is deprecated, use preg_replace_callback instead E:\phpproject\ipyue\ThinkPHP\Lib\Template\ThinkTemplate.class.php ç¬¬ 404 è¡Œ.
NOTIC: [8192] preg_replace(): The /e modifier is deprecated, use preg_replace_callback instead E:\phpproject\ipyue\ThinkPHP\Lib\Template\ThinkTemplate.class.php ç¬¬ 197 è¡Œ.
NOTIC: [8192] preg_replace(): The /e modifier is deprecated, use preg_replace_callback instead E:\phpproject\ipyue\ThinkPHP\Lib\Template\ThinkTemplate.class.php ç¬¬ 404 è¡Œ.
NOTIC: [8192] preg_replace(): The /e modifier is deprecated, use preg_replace_callback instead E:\phpproject\ipyue\ThinkPHP\Lib\Template\ThinkTemplate.class.php ç¬¬ 404 è¡Œ.
NOTIC: [8192] preg_replace(): The /e modifier is deprecated, use preg_replace_callback instead E:\phpproject\ipyue\ThinkPHP\Lib\Template\ThinkTemplate.class.php ç¬¬ 404 è¡Œ.
NOTIC: [8192] preg_replace(): The /e modifier is deprecated, use preg_replace_callback instead E:\phpproject\ipyue\ThinkPHP\Lib\Template\ThinkTemplate.class.php ç¬¬ 404 è¡Œ.
NOTIC: [8192] preg_replace(): The /e modifier is deprecated, use preg_replace_callback instead E:\phpproject\ipyue\ThinkPHP\Lib\Template\ThinkTemplate.class.php ç¬¬ 404 è¡Œ.
NOTIC: [8192] preg_replace(): The /e modifier is deprecated, use preg_replace_callback instead E:\phpproject\ipyue\ThinkPHP\Lib\Template\ThinkTemplate.class.php ç¬¬ 404 è¡Œ.
NOTIC: [8192] preg_replace(): The /e modifier is deprecated, use preg_replace_callback instead E:\phpproject\ipyue\ThinkPHP\Lib\Template\ThinkTemplate.class.php ç¬¬ 404 è¡Œ.
NOTIC: [8192] preg_replace(): The /e modifier is deprecated, use preg_replace_callback instead E:\phpproject\ipyue\ThinkPHP\Lib\Template\ThinkTemplate.class.php ç¬¬ 399 è¡Œ.
NOTIC: [8192] preg_replace(): The /e modifier is deprecated, use preg_replace_callback instead E:\phpproject\ipyue\ThinkPHP\Lib\Template\ThinkTemplate.class.php ç¬¬ 399 è¡Œ.
NOTIC: [8192] preg_replace(): The /e modifier is deprecated, use preg_replace_callback instead E:\phpproject\ipyue\ThinkPHP\Lib\Template\ThinkTemplate.class.php ç¬¬ 404 è¡Œ.
NOTIC: [8192] preg_replace(): The /e modifier is deprecated, use preg_replace_callback instead E:\phpproject\ipyue\ThinkPHP\Lib\Template\ThinkTemplate.class.php ç¬¬ 404 è¡Œ.
NOTIC: [8192] preg_replace(): The /e modifier is deprecated, use preg_replace_callback instead E:\phpproject\ipyue\ThinkPHP\Lib\Template\ThinkTemplate.class.php ç¬¬ 404 è¡Œ.
NOTIC: [8192] preg_replace(): The /e modifier is deprecated, use preg_replace_callback instead E:\phpproject\ipyue\ThinkPHP\Lib\Template\ThinkTemplate.class.php ç¬¬ 399 è¡Œ.
NOTIC: [8192] preg_replace(): The /e modifier is deprecated, use preg_replace_callback instead E:\phpproject\ipyue\ThinkPHP\Lib\Template\ThinkTemplate.class.php ç¬¬ 404 è¡Œ.
NOTIC: [8192] preg_replace(): The /e modifier is deprecated, use preg_replace_callback instead E:\phpproject\ipyue\ThinkPHP\Lib\Template\ThinkTemplate.class.php ç¬¬ 404 è¡Œ.
NOTIC: [8192] preg_replace(): The /e modifier is deprecated, use preg_replace_callback instead E:\phpproject\ipyue\ThinkPHP\Lib\Template\ThinkTemplate.class.php ç¬¬ 404 è¡Œ.
NOTIC: [8192] preg_replace(): The /e modifier is deprecated, use preg_replace_callback instead E:\phpproject\ipyue\ThinkPHP\Lib\Template\ThinkTemplate.class.php ç¬¬ 404 è¡Œ.
NOTIC: [8192] preg_replace(): The /e modifier is deprecated, use preg_replace_callback instead E:\phpproject\ipyue\ThinkPHP\Lib\Template\ThinkTemplate.class.php ç¬¬ 404 è¡Œ.
NOTIC: [8192] preg_replace(): The /e modifier is deprecated, use preg_replace_callback instead E:\phpproject\ipyue\ThinkPHP\Lib\Template\ThinkTemplate.class.php ç¬¬ 404 è¡Œ.
NOTIC: [8192] preg_replace(): The /e modifier is deprecated, use preg_replace_callback instead E:\phpproject\ipyue\ThinkPHP\Lib\Template\ThinkTemplate.class.php ç¬¬ 404 è¡Œ.
NOTIC: [8192] preg_replace(): The /e modifier is deprecated, use preg_replace_callback instead E:\phpproject\ipyue\ThinkPHP\Lib\Template\ThinkTemplate.class.php ç¬¬ 404 è¡Œ.
NOTIC: [8192] preg_replace(): The /e modifier is deprecated, use preg_replace_callback instead E:\phpproject\ipyue\ThinkPHP\Lib\Template\ThinkTemplate.class.php ç¬¬ 404 è¡Œ.
NOTIC: [8192] preg_replace(): The /e modifier is deprecated, use preg_replace_callback instead E:\phpproject\ipyue\ThinkPHP\Lib\Template\ThinkTemplate.class.php ç¬¬ 404 è¡Œ.
NOTIC: [8192] preg_replace(): The /e modifier is deprecated, use preg_replace_callback instead E:\phpproject\ipyue\ThinkPHP\Lib\Template\ThinkTemplate.class.php ç¬¬ 404 è¡Œ.
NOTIC: [8192] preg_replace(): The /e modifier is deprecated, use preg_replace_callback instead E:\phpproject\ipyue\ThinkPHP\Lib\Template\ThinkTemplate.class.php ç¬¬ 404 è¡Œ.
NOTIC: [8192] preg_replace(): The /e modifier is deprecated, use preg_replace_callback instead E:\phpproject\ipyue\ThinkPHP\Lib\Template\ThinkTemplate.class.php ç¬¬ 404 è¡Œ.
NOTIC: [8192] preg_replace(): The /e modifier is deprecated, use preg_replace_callback instead E:\phpproject\ipyue\ThinkPHP\Lib\Template\ThinkTemplate.class.php ç¬¬ 404 è¡Œ.
NOTIC: [8192] preg_replace(): The /e modifier is deprecated, use preg_replace_callback instead E:\phpproject\ipyue\ThinkPHP\Lib\Template\ThinkTemplate.class.php ç¬¬ 404 è¡Œ.
NOTIC: [8192] preg_replace(): The /e modifier is deprecated, use preg_replace_callback instead E:\phpproject\ipyue\ThinkPHP\Lib\Template\ThinkTemplate.class.php ç¬¬ 404 è¡Œ.
NOTIC: [8192] preg_replace(): The /e modifier is deprecated, use preg_replace_callback instead E:\phpproject\ipyue\ThinkPHP\Lib\Template\ThinkTemplate.class.php ç¬¬ 404 è¡Œ.
NOTIC: [8192] preg_replace(): The /e modifier is deprecated, use preg_replace_callback instead E:\phpproject\ipyue\ThinkPHP\Lib\Template\ThinkTemplate.class.php ç¬¬ 404 è¡Œ.
NOTIC: [8192] preg_replace(): The /e modifier is deprecated, use preg_replace_callback instead E:\phpproject\ipyue\ThinkPHP\Lib\Template\ThinkTemplate.class.php ç¬¬ 404 è¡Œ.
NOTIC: [8192] preg_replace(): The /e modifier is deprecated, use preg_replace_callback instead E:\phpproject\ipyue\ThinkPHP\Lib\Template\ThinkTemplate.class.php ç¬¬ 404 è¡Œ.
NOTIC: [8192] preg_replace(): The /e modifier is deprecated, use preg_replace_callback instead E:\phpproject\ipyue\ThinkPHP\Lib\Template\ThinkTemplate.class.php ç¬¬ 404 è¡Œ.
NOTIC: [8192] preg_replace(): The /e modifier is deprecated, use preg_replace_callback instead E:\phpproject\ipyue\ThinkPHP\Lib\Template\ThinkTemplate.class.php ç¬¬ 404 è¡Œ.
NOTIC: [8192] preg_replace(): The /e modifier is deprecated, use preg_replace_callback instead E:\phpproject\ipyue\ThinkPHP\Lib\Template\ThinkTemplate.class.php ç¬¬ 404 è¡Œ.
NOTIC: [8192] preg_replace(): The /e modifier is deprecated, use preg_replace_callback instead E:\phpproject\ipyue\ThinkPHP\Lib\Template\ThinkTemplate.class.php ç¬¬ 404 è¡Œ.
NOTIC: [8192] preg_replace(): The /e modifier is deprecated, use preg_replace_callback instead E:\phpproject\ipyue\ThinkPHP\Lib\Template\ThinkTemplate.class.php ç¬¬ 404 è¡Œ.
NOTIC: [8192] preg_replace(): The /e modifier is deprecated, use preg_replace_callback instead E:\phpproject\ipyue\ThinkPHP\Lib\Template\ThinkTemplate.class.php ç¬¬ 404 è¡Œ.
NOTIC: [8192] preg_replace(): The /e modifier is deprecated, use preg_replace_callback instead E:\phpproject\ipyue\ThinkPHP\Lib\Template\ThinkTemplate.class.php ç¬¬ 404 è¡Œ.
NOTIC: [8192] preg_replace(): The /e modifier is deprecated, use preg_replace_callback instead E:\phpproject\ipyue\ThinkPHP\Lib\Template\ThinkTemplate.class.php ç¬¬ 404 è¡Œ.
NOTIC: [8192] preg_replace(): The /e modifier is deprecated, use preg_replace_callback instead E:\phpproject\ipyue\ThinkPHP\Lib\Template\ThinkTemplate.class.php ç¬¬ 404 è¡Œ.
NOTIC: [8192] preg_replace(): The /e modifier is deprecated, use preg_replace_callback instead E:\phpproject\ipyue\ThinkPHP\Lib\Template\ThinkTemplate.class.php ç¬¬ 404 è¡Œ.
NOTIC: [8192] preg_replace(): The /e modifier is deprecated, use preg_replace_callback instead E:\phpproject\ipyue\ThinkPHP\Lib\Template\ThinkTemplate.class.php ç¬¬ 404 è¡Œ.
NOTIC: [8192] preg_replace(): The /e modifier is deprecated, use preg_replace_callback instead E:\phpproject\ipyue\ThinkPHP\Lib\Template\ThinkTemplate.class.php ç¬¬ 404 è¡Œ.
NOTIC: [8192] preg_replace(): The /e modifier is deprecated, use preg_replace_callback instead E:\phpproject\ipyue\ThinkPHP\Lib\Template\ThinkTemplate.class.php ç¬¬ 404 è¡Œ.
NOTIC: [8192] preg_replace(): The /e modifier is deprecated, use preg_replace_callback instead E:\phpproject\ipyue\ThinkPHP\Lib\Template\ThinkTemplate.class.php ç¬¬ 404 è¡Œ.
NOTIC: [8192] preg_replace(): The /e modifier is deprecated, use preg_replace_callback instead E:\phpproject\ipyue\ThinkPHP\Lib\Template\ThinkTemplate.class.php ç¬¬ 404 è¡Œ.
NOTIC: [8192] preg_replace(): The /e modifier is deprecated, use preg_replace_callback instead E:\phpproject\ipyue\ThinkPHP\Lib\Template\ThinkTemplate.class.php ç¬¬ 404 è¡Œ.
NOTIC: [8192] preg_replace(): The /e modifier is deprecated, use preg_replace_callback instead E:\phpproject\ipyue\ThinkPHP\Lib\Template\ThinkTemplate.class.php ç¬¬ 404 è¡Œ.
NOTIC: [8192] preg_replace(): The /e modifier is deprecated, use preg_replace_callback instead E:\phpproject\ipyue\ThinkPHP\Lib\Template\ThinkTemplate.class.php ç¬¬ 404 è¡Œ.
NOTIC: [8192] preg_replace(): The /e modifier is deprecated, use preg_replace_callback instead E:\phpproject\ipyue\ThinkPHP\Lib\Template\ThinkTemplate.class.php ç¬¬ 404 è¡Œ.
NOTIC: [8192] preg_replace(): The /e modifier is deprecated, use preg_replace_callback instead E:\phpproject\ipyue\ThinkPHP\Lib\Template\ThinkTemplate.class.php ç¬¬ 404 è¡Œ.
NOTIC: [8192] preg_replace(): The /e modifier is deprecated, use preg_replace_callback instead E:\phpproject\ipyue\ThinkPHP\Lib\Template\ThinkTemplate.class.php ç¬¬ 404 è¡Œ.
NOTIC: [8192] preg_replace(): The /e modifier is deprecated, use preg_replace_callback instead E:\phpproject\ipyue\ThinkPHP\Lib\Template\ThinkTemplate.class.php ç¬¬ 404 è¡Œ.
NOTIC: [8192] preg_replace(): The /e modifier is deprecated, use preg_replace_callback instead E:\phpproject\ipyue\ThinkPHP\Lib\Template\ThinkTemplate.class.php ç¬¬ 404 è¡Œ.
NOTIC: [8192] preg_replace(): The /e modifier is deprecated, use preg_replace_callback instead E:\phpproject\ipyue\ThinkPHP\Lib\Template\ThinkTemplate.class.php ç¬¬ 404 è¡Œ.
NOTIC: [8192] preg_replace(): The /e modifier is deprecated, use preg_replace_callback instead E:\phpproject\ipyue\ThinkPHP\Lib\Template\ThinkTemplate.class.php ç¬¬ 404 è¡Œ.
NOTIC: [8192] preg_replace(): The /e modifier is deprecated, use preg_replace_callback instead E:\phpproject\ipyue\ThinkPHP\Lib\Template\ThinkTemplate.class.php ç¬¬ 404 è¡Œ.
NOTIC: [8192] preg_replace(): The /e modifier is deprecated, use preg_replace_callback instead E:\phpproject\ipyue\ThinkPHP\Lib\Template\ThinkTemplate.class.php ç¬¬ 404 è¡Œ.
NOTIC: [8192] preg_replace(): The /e modifier is deprecated, use preg_replace_callback instead E:\phpproject\ipyue\ThinkPHP\Lib\Template\ThinkTemplate.class.php ç¬¬ 404 è¡Œ.
NOTIC: [8192] preg_replace(): The /e modifier is deprecated, use preg_replace_callback instead E:\phpproject\ipyue\ThinkPHP\Lib\Template\ThinkTemplate.class.php ç¬¬ 404 è¡Œ.
NOTIC: [8192] preg_replace(): The /e modifier is deprecated, use preg_replace_callback instead E:\phpproject\ipyue\ThinkPHP\Lib\Template\ThinkTemplate.class.php ç¬¬ 404 è¡Œ.
NOTIC: [8192] preg_replace(): The /e modifier is deprecated, use preg_replace_callback instead E:\phpproject\ipyue\ThinkPHP\Lib\Template\ThinkTemplate.class.php ç¬¬ 404 è¡Œ.
NOTIC: [8192] preg_replace(): The /e modifier is deprecated, use preg_replace_callback instead E:\phpproject\ipyue\ThinkPHP\Lib\Template\ThinkTemplate.class.php ç¬¬ 404 è¡Œ.
NOTIC: [8192] preg_replace(): The /e modifier is deprecated, use preg_replace_callback instead E:\phpproject\ipyue\ThinkPHP\Lib\Template\ThinkTemplate.class.php ç¬¬ 404 è¡Œ.
NOTIC: [8192] preg_replace(): The /e modifier is deprecated, use preg_replace_callback instead E:\phpproject\ipyue\ThinkPHP\Lib\Template\ThinkTemplate.class.php ç¬¬ 404 è¡Œ.
NOTIC: [8192] preg_replace(): The /e modifier is deprecated, use preg_replace_callback instead E:\phpproject\ipyue\ThinkPHP\Lib\Template\ThinkTemplate.class.php ç¬¬ 404 è¡Œ.
NOTIC: [8192] preg_replace(): The /e modifier is deprecated, use preg_replace_callback instead E:\phpproject\ipyue\ThinkPHP\Lib\Template\ThinkTemplate.class.php ç¬¬ 404 è¡Œ.
NOTIC: [8192] preg_replace(): The /e modifier is deprecated, use preg_replace_callback instead E:\phpproject\ipyue\ThinkPHP\Lib\Template\ThinkTemplate.class.php ç¬¬ 404 è¡Œ.
NOTIC: [8192] preg_replace(): The /e modifier is deprecated, use preg_replace_callback instead E:\phpproject\ipyue\ThinkPHP\Lib\Template\ThinkTemplate.class.php ç¬¬ 404 è¡Œ.
NOTIC: [8192] preg_replace(): The /e modifier is deprecated, use preg_replace_callback instead E:\phpproject\ipyue\ThinkPHP\Lib\Template\ThinkTemplate.class.php ç¬¬ 404 è¡Œ.
NOTIC: [8192] preg_replace(): The /e modifier is deprecated, use preg_replace_callback instead E:\phpproject\ipyue\ThinkPHP\Lib\Template\ThinkTemplate.class.php ç¬¬ 404 è¡Œ.
NOTIC: [8192] preg_replace(): The /e modifier is deprecated, use preg_replace_callback instead E:\phpproject\ipyue\ThinkPHP\Lib\Template\ThinkTemplate.class.php ç¬¬ 404 è¡Œ.
NOTIC: [8192] preg_replace(): The /e modifier is deprecated, use preg_replace_callback instead E:\phpproject\ipyue\ThinkPHP\Lib\Template\ThinkTemplate.class.php ç¬¬ 404 è¡Œ.
NOTIC: [8192] preg_replace(): The /e modifier is deprecated, use preg_replace_callback instead E:\phpproject\ipyue\ThinkPHP\Lib\Template\ThinkTemplate.class.php ç¬¬ 404 è¡Œ.
NOTIC: [8192] preg_replace(): The /e modifier is deprecated, use preg_replace_callback instead E:\phpproject\ipyue\ThinkPHP\Lib\Template\ThinkTemplate.class.php ç¬¬ 404 è¡Œ.
NOTIC: [8192] preg_replace(): The /e modifier is deprecated, use preg_replace_callback instead E:\phpproject\ipyue\ThinkPHP\Lib\Template\ThinkTemplate.class.php ç¬¬ 404 è¡Œ.
NOTIC: [8192] preg_replace(): The /e modifier is deprecated, use preg_replace_callback instead E:\phpproject\ipyue\ThinkPHP\Lib\Template\ThinkTemplate.class.php ç¬¬ 404 è¡Œ.
NOTIC: [8192] preg_replace(): The /e modifier is deprecated, use preg_replace_callback instead E:\phpproject\ipyue\ThinkPHP\Lib\Template\ThinkTemplate.class.php ç¬¬ 399 è¡Œ.
NOTIC: [8192] preg_replace(): The /e modifier is deprecated, use preg_replace_callback instead E:\phpproject\ipyue\ThinkPHP\Lib\Template\ThinkTemplate.class.php ç¬¬ 399 è¡Œ.
NOTIC: [8192] preg_replace(): The /e modifier is deprecated, use preg_replace_callback instead E:\phpproject\ipyue\ThinkPHP\Lib\Template\ThinkTemplate.class.php ç¬¬ 399 è¡Œ.
NOTIC: [8192] preg_replace(): The /e modifier is deprecated, use preg_replace_callback instead E:\phpproject\ipyue\ThinkPHP\Lib\Template\ThinkTemplate.class.php ç¬¬ 399 è¡Œ.
NOTIC: [8192] preg_replace(): The /e modifier is deprecated, use preg_replace_callback instead E:\phpproject\ipyue\ThinkPHP\Lib\Template\ThinkTemplate.class.php ç¬¬ 399 è¡Œ.
NOTIC: [8192] preg_replace(): The /e modifier is deprecated, use preg_replace_callback instead E:\phpproject\ipyue\ThinkPHP\Lib\Template\ThinkTemplate.class.php ç¬¬ 399 è¡Œ.
NOTIC: [8192] preg_replace(): The /e modifier is deprecated, use preg_replace_callback instead E:\phpproject\ipyue\ThinkPHP\Lib\Template\ThinkTemplate.class.php ç¬¬ 404 è¡Œ.
NOTIC: [8192] preg_replace(): The /e modifier is deprecated, use preg_replace_callback instead E:\phpproject\ipyue\ThinkPHP\Lib\Template\ThinkTemplate.class.php ç¬¬ 404 è¡Œ.
NOTIC: [8192] preg_replace(): The /e modifier is deprecated, use preg_replace_callback instead E:\phpproject\ipyue\ThinkPHP\Lib\Template\ThinkTemplate.class.php ç¬¬ 404 è¡Œ.
NOTIC: [8192] preg_replace(): The /e modifier is deprecated, use preg_replace_callback instead E:\phpproject\ipyue\ThinkPHP\Lib\Template\ThinkTemplate.class.php ç¬¬ 197 è¡Œ.
NOTIC: [8192] preg_replace(): The /e modifier is deprecated, use preg_replace_callback instead E:\phpproject\ipyue\ThinkPHP\Lib\Template\ThinkTemplate.class.php ç¬¬ 137 è¡Œ.
NOTIC: [8] Use of undefined constant images - assumed 'images' E:\phpproject\ipyue\APP\Runtime\Cache\M\f0d6ac2d95229a2ed921d48dd438de66.php ç¬¬ 122 è¡Œ.
NOTIC: [8] Use of undefined constant images - assumed 'images' E:\phpproject\ipyue\APP\Runtime\Cache\M\f0d6ac2d95229a2ed921d48dd438de66.php ç¬¬ 122 è¡Œ.
NOTIC: [8] Use of undefined constant images - assumed 'images' E:\phpproject\ipyue\APP\Runtime\Cache\M\f0d6ac2d95229a2ed921d48dd438de66.php ç¬¬ 122 è¡Œ.
NOTIC: [8] Use of undefined constant images - assumed 'images' E:\phpproject\ipyue\APP\Runtime\Cache\M\f0d6ac2d95229a2ed921d48dd438de66.php ç¬¬ 122 è¡Œ.
NOTIC: [8] Use of undefined constant images - assumed 'images' E:\phpproject\ipyue\APP\Runtime\Cache\M\f0d6ac2d95229a2ed921d48dd438de66.php ç¬¬ 122 è¡Œ.
NOTIC: [8] Use of undefined constant images - assumed 'images' E:\phpproject\ipyue\APP\Runtime\Cache\M\f0d6ac2d95229a2ed921d48dd438de66.php ç¬¬ 122 è¡Œ.
NOTIC: [8] Use of undefined constant images - assumed 'images' E:\phpproject\ipyue\APP\Runtime\Cache\M\f0d6ac2d95229a2ed921d48dd438de66.php ç¬¬ 122 è¡Œ.
NOTIC: [8] Use of undefined constant images - assumed 'images' E:\phpproject\ipyue\APP\Runtime\Cache\M\f0d6ac2d95229a2ed921d48dd438de66.php ç¬¬ 122 è¡Œ.
NOTIC: [8] Use of undefined constant images - assumed 'images' E:\phpproject\ipyue\APP\Runtime\Cache\M\f0d6ac2d95229a2ed921d48dd438de66.php ç¬¬ 122 è¡Œ.
NOTIC: [8] Use of undefined constant images - assumed 'images' E:\phpproject\ipyue\APP\Runtime\Cache\M\f0d6ac2d95229a2ed921d48dd438de66.php ç¬¬ 122 è¡Œ.
INFO: ParseTemplate Behavior ::run [ RunTime:0.222012s ]
INFO: [ view_parse ] --END-- [ RunTime:0.222012s ]
INFO: [ view_filter ] --START--
INFO: ContentReplace Behavior ::run [ RunTime:0.003000s ]
INFO: TokenBuild Behavior ::run [ RunTime:0.001000s ]
INFO: WriteHtmlCache Behavior ::run [ RunTime:0.001000s ]
INFO: ShowRuntime Behavior ::run [ RunTime:0.002000s ]
INFO: [ view_filter ] --END-- [ RunTime:0.007000s ]
INFO: [ view_end ] --START--
INFO: ShowPageTrace Behavior ::run [ RunTime:0.002000s ]
INFO: [ view_end ] --END-- [ RunTime:0.003000s ]

